.:/opt/phenix/core/lib:/opt/phenix/utils/lib:/usr/local/lib:/usr/lib:/afs/rhic.bnl.gov/phenix/PHENIX_LIB/sys/x8664_sl7/new.1/lib:/afs/rhic.bnl.gov/x8664_sl7/opt/phenix/core/root-5.34.36/lib:/afs/rhic.bnl.gov/app/insure-7.5.0/lib:/cern/pro/lib:/afs/rhic.bnl.gov/x8664_sl7/opt/phenix/core/geant4.10.00.p02/lib:/opt/phenix/core/lib64:/opt/phenix/utils/lib64:/opt/phenix/64/core/lib
19

Processing genNewTree.C+(240,13,1)...
Run13pp510
Error in <TFile::TFile>: file /phenix/mpcex/lajoie/ISU/SimOut/Run13_PP/510/ckin240/50190/makejets_hadrons.root does not exist
Error in <TFile::TFile>: file /phenix/mpcex/lajoie/ISU/SimOut/Run13_PP/510/ckin240/50191/makejets_hadrons.root does not exist
Error in <TFile::TFile>: file /phenix/mpcex/lajoie/ISU/SimOut/Run13_PP/510/ckin240/50415/makejets_hadrons.root does not exist
Error in <TFile::TFile>: file /phenix/mpcex/lajoie/ISU/SimOut/Run13_PP/510/ckin240/50480/makejets_hadrons.root does not exist
Error in <TFile::TFile>: file /phenix/mpcex/lajoie/ISU/SimOut/Run13_PP/510/ckin240/50696/makejets_hadrons.root does not exist
Error in <TFile::TFile>: file /phenix/mpcex/lajoie/ISU/SimOut/Run13_PP/510/ckin240/50897/makejets_hadrons.root does not exist
Error in <TFile::TFile>: file /phenix/mpcex/lajoie/ISU/SimOut/Run13_PP/510/ckin240/51139/makejets_hadrons.root does not exist
Error in <TFile::TFile>: file /phenix/mpcex/lajoie/ISU/SimOut/Run13_PP/510/ckin240/51267/makejets_hadrons.root does not exist
Error in <TFile::TFile>: file /phenix/mpcex/lajoie/ISU/SimOut/Run13_PP/510/ckin240/51456/makejets_hadrons.root does not exist
Error in <TFile::TFile>: file /phenix/mpcex/lajoie/ISU/SimOut/Run13_PP/510/ckin240/51632/makejets_hadrons.root does not exist
Error in <TFile::TFile>: file /phenix/mpcex/lajoie/ISU/SimOut/Run13_PP/510/ckin240/51941/makejets_hadrons.root does not exist
Error in <TFile::TFile>: file /phenix/mpcex/lajoie/ISU/SimOut/Run13_PP/510/ckin240/52152/makejets_hadrons.root does not exist
Error in <TFile::TFile>: file /phenix/mpcex/lajoie/ISU/SimOut/Run13_PP/510/ckin240/52368/makejets_hadrons.root does not exist
Error in <TFile::TFile>: file /phenix/mpcex/lajoie/ISU/SimOut/Run13_PP/510/ckin240/52551/makejets_hadrons.root does not exist
Error in <TFile::TFile>: file /phenix/mpcex/lajoie/ISU/SimOut/Run13_PP/510/ckin240/52747/makejets_hadrons.root does not exist
Error in <TFile::TFile>: file /phenix/mpcex/lajoie/ISU/SimOut/Run13_PP/510/ckin240/52902/makejets_hadrons.root does not exist
Error in <TFile::TFile>: file /phenix/mpcex/lajoie/ISU/SimOut/Run13_PP/510/ckin240/53084/makejets_hadrons.root does not exist
Error in <TFile::TFile>: file /phenix/mpcex/lajoie/ISU/SimOut/Run13_PP/510/ckin240/53278/makejets_hadrons.root does not exist
Error in <TFile::TFile>: file /phenix/mpcex/lajoie/ISU/SimOut/Run13_PP/510/ckin240/53460/makejets_hadrons.root does not exist
Error in <TFile::TFile>: file /phenix/mpcex/lajoie/ISU/SimOut/Run13_PP/510/ckin240/53637/makejets_hadrons.root does not exist
Error in <TFile::TFile>: file /phenix/mpcex/lajoie/ISU/SimOut/Run13_PP/510/ckin240/53838/makejets_hadrons.root does not exist
Error in <TFile::TFile>: file /phenix/mpcex/lajoie/ISU/SimOut/Run13_PP/510/ckin240/54017/makejets_hadrons.root does not exist
Error in <TFile::TFile>: file /phenix/mpcex/lajoie/ISU/SimOut/Run13_PP/510/ckin240/54195/makejets_hadrons.root does not exist
Error in <TFile::TFile>: file /phenix/mpcex/lajoie/ISU/SimOut/Run13_PP/510/ckin240/54398/makejets_hadrons.root does not exist
Error in <TFile::TFile>: file /phenix/mpcex/lajoie/ISU/SimOut/Run13_PP/510/ckin240/54572/makejets_hadrons.root does not exist
Error in <TFile::TFile>: file /phenix/mpcex/lajoie/ISU/SimOut/Run13_PP/510/ckin240/54803/makejets_hadrons.root does not exist
Error in <TFile::TFile>: file /phenix/mpcex/lajoie/ISU/SimOut/Run13_PP/510/ckin240/54918/makejets_hadrons.root does not exist
Error in <TFile::TFile>: file /phenix/mpcex/lajoie/ISU/SimOut/Run13_PP/510/ckin240/55183/makejets_hadrons.root does not exist
Error in <TFile::TFile>: file /phenix/mpcex/lajoie/ISU/SimOut/Run13_PP/510/ckin240/55539/makejets_hadrons.root does not exist
Error in <TFile::TFile>: file /phenix/mpcex/lajoie/ISU/SimOut/Run13_PP/510/ckin240/55641/makejets_hadrons.root does not exist
Error in <TFile::TFile>: file /phenix/mpcex/lajoie/ISU/SimOut/Run13_PP/510/ckin240/55967/makejets_hadrons.root does not exist
Error in <TFile::TFile>: file /phenix/mpcex/lajoie/ISU/SimOut/Run13_PP/510/ckin240/55998/makejets_hadrons.root does not exist
Error in <TFile::TFile>: file /phenix/mpcex/lajoie/ISU/SimOut/Run13_PP/510/ckin240/56247/makejets_hadrons.root does not exist
Error in <TFile::TFile>: file /phenix/mpcex/lajoie/ISU/SimOut/Run13_PP/510/ckin240/56251/makejets_hadrons.root does not exist
Error in <TFile::TFile>: file /phenix/mpcex/lajoie/ISU/SimOut/Run13_PP/510/ckin240/56534/makejets_hadrons.root does not exist
Error in <TFile::TFile>: file /phenix/mpcex/lajoie/ISU/SimOut/Run13_PP/510/ckin240/56546/makejets_hadrons.root does not exist
Error in <TFile::TFile>: file /phenix/mpcex/lajoie/ISU/SimOut/Run13_PP/510/ckin240/56788/makejets_hadrons.root does not exist
Error in <TFile::TFile>: file /phenix/mpcex/lajoie/ISU/SimOut/Run13_PP/510/ckin240/56795/makejets_hadrons.root does not exist
Error in <TFile::TFile>: file /phenix/mpcex/lajoie/ISU/SimOut/Run13_PP/510/ckin240/57016/makejets_hadrons.root does not exist
Error in <TFile::TFile>: file /phenix/mpcex/lajoie/ISU/SimOut/Run13_PP/510/ckin240/57027/makejets_hadrons.root does not exist
Error in <TFile::TFile>: file /phenix/mpcex/lajoie/ISU/SimOut/Run13_PP/510/ckin240/57238/makejets_hadrons.root does not exist
Error in <TFile::TFile>: file /phenix/mpcex/lajoie/ISU/SimOut/Run13_PP/510/ckin240/57324/makejets_hadrons.root does not exist
Error in <TFile::TFile>: file /phenix/mpcex/lajoie/ISU/SimOut/Run13_PP/510/ckin240/57567/makejets_hadrons.root does not exist
Error in <TFile::TFile>: file /phenix/mpcex/lajoie/ISU/SimOut/Run13_PP/510/ckin240/57948/makejets_hadrons.root does not exist
Error in <TFile::TFile>: file /phenix/mpcex/lajoie/ISU/SimOut/Run13_PP/510/ckin240/58147/makejets_hadrons.root does not exist
Error in <TFile::TFile>: file /phenix/mpcex/lajoie/ISU/SimOut/Run13_PP/510/ckin240/58452/makejets_hadrons.root does not exist
Error in <TFile::TFile>: file /phenix/mpcex/lajoie/ISU/SimOut/Run13_PP/510/ckin240/58702/makejets_hadrons.root does not exist
Error in <TFile::TFile>: file /phenix/mpcex/lajoie/ISU/SimOut/Run13_PP/510/ckin240/58950/makejets_hadrons.root does not exist
Error in <TFile::TFile>: file /phenix/mpcex/lajoie/ISU/SimOut/Run13_PP/510/ckin240/59154/makejets_hadrons.root does not exist
Error in <TFile::TFile>: file /phenix/mpcex/lajoie/ISU/SimOut/Run13_PP/510/ckin240/59593/makejets_hadrons.root does not exist
Error in <TFile::TFile>: file /phenix/mpcex/lajoie/ISU/SimOut/Run13_PP/510/ckin240/60013/makejets_hadrons.root does not exist
Error in <TFile::TFile>: file /phenix/mpcex/lajoie/ISU/SimOut/Run13_PP/510/ckin240/60426/makejets_hadrons.root does not exist
Error in <TFile::TFile>: file /phenix/mpcex/lajoie/ISU/SimOut/Run13_PP/510/ckin240/60719/makejets_hadrons.root does not exist
Error in <TFile::TFile>: file /phenix/mpcex/lajoie/ISU/SimOut/Run13_PP/510/ckin240/60932/makejets_hadrons.root does not exist
Error in <TFile::TFile>: file /phenix/mpcex/lajoie/ISU/SimOut/Run13_PP/510/ckin240/61381/makejets_hadrons.root does not exist
Error in <TFile::TFile>: file /phenix/mpcex/lajoie/ISU/SimOut/Run13_PP/510/ckin240/61718/makejets_hadrons.root does not exist
Error in <TFile::TFile>: file /phenix/mpcex/lajoie/ISU/SimOut/Run13_PP/510/ckin240/62217/makejets_hadrons.root does not exist
Error in <TFile::TFile>: file /phenix/mpcex/lajoie/ISU/SimOut/Run13_PP/510/ckin240/62509/makejets_hadrons.root does not exist
Error in <TFile::TFile>: file /phenix/mpcex/lajoie/ISU/SimOut/Run13_PP/510/ckin240/63022/makejets_hadrons.root does not exist
Error in <TFile::TFile>: file /phenix/mpcex/lajoie/ISU/SimOut/Run13_PP/510/ckin240/63667/makejets_hadrons.root does not exist
Error in <TFile::TFile>: file /phenix/mpcex/lajoie/ISU/SimOut/Run13_PP/510/ckin240/63683/makejets_hadrons.root does not exist
Error in <TFile::TFile>: file /phenix/mpcex/lajoie/ISU/SimOut/Run13_PP/510/ckin240/64239/makejets_hadrons.root does not exist
Error in <TFile::TFile>: file /phenix/mpcex/lajoie/ISU/SimOut/Run13_PP/510/ckin240/64717/makejets_hadrons.root does not exist
Error in <TFile::TFile>: file /phenix/mpcex/lajoie/ISU/SimOut/Run13_PP/510/ckin240/65291/makejets_hadrons.root does not exist
Error in <TFile::TFile>: file /phenix/mpcex/lajoie/ISU/SimOut/Run13_PP/510/ckin240/65820/makejets_hadrons.root does not exist
Error in <TFile::TFile>: file /phenix/mpcex/lajoie/ISU/SimOut/Run13_PP/510/ckin240/66234/makejets_hadrons.root does not exist
Error in <TFile::TFile>: file /phenix/mpcex/lajoie/ISU/SimOut/Run13_PP/510/ckin240/66311/makejets_hadrons.root does not exist
Error in <TFile::TFile>: file /phenix/mpcex/lajoie/ISU/SimOut/Run13_PP/510/ckin240/66909/makejets_hadrons.root does not exist
Error in <TFile::TFile>: file /phenix/mpcex/lajoie/ISU/SimOut/Run13_PP/510/ckin240/67407/makejets_hadrons.root does not exist
Error in <TFile::TFile>: file /phenix/mpcex/lajoie/ISU/SimOut/Run13_PP/510/ckin240/67953/makejets_hadrons.root does not exist
Error in <TFile::TFile>: file /phenix/mpcex/lajoie/ISU/SimOut/Run13_PP/510/ckin240/69254/makejets_hadrons.root does not exist
Error in <TFile::TFile>: file /phenix/mpcex/lajoie/ISU/SimOut/Run13_PP/510/ckin240/69260/makejets_hadrons.root does not exist
Error in <TFile::TFile>: file /phenix/mpcex/lajoie/ISU/SimOut/Run13_PP/510/ckin240/69289/makejets_hadrons.root does not exist
Error in <TFile::TFile>: file /phenix/mpcex/lajoie/ISU/SimOut/Run13_PP/510/ckin240/69290/makejets_hadrons.root does not exist
Error in <TFile::TFile>: file /phenix/mpcex/lajoie/ISU/SimOut/Run13_PP/510/ckin240/69318/makejets_hadrons.root does not exist
Error in <TFile::TFile>: file /phenix/mpcex/lajoie/ISU/SimOut/Run13_PP/510/ckin240/69320/makejets_hadrons.root does not exist
Error in <TFile::TFile>: file /phenix/mpcex/lajoie/ISU/SimOut/Run13_PP/510/ckin240/69342/makejets_hadrons.root does not exist
Error in <TFile::TFile>: file /phenix/mpcex/lajoie/ISU/SimOut/Run13_PP/510/ckin240/69346/makejets_hadrons.root does not exist
Error in <TFile::TFile>: file /phenix/mpcex/lajoie/ISU/SimOut/Run13_PP/510/ckin240/69376/makejets_hadrons.root does not exist
Error in <TFile::TFile>: file /phenix/mpcex/lajoie/ISU/SimOut/Run13_PP/510/ckin240/69379/makejets_hadrons.root does not exist
Error in <TFile::TFile>: file /phenix/mpcex/lajoie/ISU/SimOut/Run13_PP/510/ckin240/71992/makejets_hadrons.root does not exist
Error in <TFile::TFile>: file /phenix/mpcex/lajoie/ISU/SimOut/Run13_PP/510/ckin240/72039/makejets_hadrons.root does not exist
Error in <TFile::TFile>: file /phenix/mpcex/lajoie/ISU/SimOut/Run13_PP/510/ckin240/72082/makejets_hadrons.root does not exist
Error in <TFile::TFile>: file /phenix/mpcex/lajoie/ISU/SimOut/Run13_PP/510/ckin240/72119/makejets_hadrons.root does not exist
Error in <TFile::TFile>: file /phenix/mpcex/lajoie/ISU/SimOut/Run13_PP/510/ckin240/72154/makejets_hadrons.root does not exist
Error in <TFile::TFile>: file /phenix/mpcex/lajoie/ISU/SimOut/Run13_PP/510/ckin240/72214/makejets_hadrons.root does not exist
Error in <TFile::TFile>: file /phenix/mpcex/lajoie/ISU/SimOut/Run13_PP/510/ckin240/72246/makejets_hadrons.root does not exist
Error in <TFile::TFile>: file /phenix/mpcex/lajoie/ISU/SimOut/Run13_PP/510/ckin240/72280/makejets_hadrons.root does not exist
Error in <TFile::TFile>: file /phenix/mpcex/lajoie/ISU/SimOut/Run13_PP/510/ckin240/81343/makejets_hadrons.root does not exist
Error in <TFile::TFile>: file /phenix/mpcex/lajoie/ISU/SimOut/Run13_PP/510/ckin240/81473/makejets_hadrons.root does not exist
Error in <TFile::TFile>: file /phenix/mpcex/lajoie/ISU/SimOut/Run13_PP/510/ckin240/81593/makejets_hadrons.root does not exist
Error in <TFile::TFile>: file /phenix/mpcex/lajoie/ISU/SimOut/Run13_PP/510/ckin240/87233/makejets_hadrons.root does not exist
Error in <TFile::TFile>: file /phenix/mpcex/lajoie/ISU/SimOut/Run13_PP/510/ckin240/87367/makejets_hadrons.root does not exist
Error in <TFile::TFile>: file /phenix/mpcex/lajoie/ISU/SimOut/Run13_PP/510/ckin240/87479/makejets_hadrons.root does not exist
Error in <TFile::TFile>: file /phenix/mpcex/lajoie/ISU/SimOut/Run13_PP/510/ckin240/87597/makejets_hadrons.root does not exist
Error in <TFile::TFile>: file /phenix/mpcex/lajoie/ISU/SimOut/Run13_PP/510/ckin240/87753/makejets_hadrons.root does not exist
Error in <TFile::TFile>: file /phenix/mpcex/lajoie/ISU/SimOut/Run13_PP/510/ckin240/87883/makejets_hadrons.root does not exist
Error in <TFile::TFile>: file /phenix/mpcex/lajoie/ISU/SimOut/Run13_PP/510/ckin240/88028/makejets_hadrons.root does not exist
Error in <TFile::TFile>: file /phenix/mpcex/lajoie/ISU/SimOut/Run13_PP/510/ckin240/88146/makejets_hadrons.root does not exist
Error in <TFile::TFile>: file /phenix/mpcex/lajoie/ISU/SimOut/Run13_PP/510/ckin240/88311/makejets_hadrons.root does not exist
Error in <TFile::TFile>: file /phenix/mpcex/lajoie/ISU/SimOut/Run13_PP/510/ckin240/88416/makejets_hadrons.root does not exist
Error in <TFile::TFile>: file /phenix/mpcex/lajoie/ISU/SimOut/Run13_PP/510/ckin240/88522/makejets_hadrons.root does not exist
Error in <TFile::TFile>: file /phenix/mpcex/lajoie/ISU/SimOut/Run13_PP/510/ckin240/90363/makejets_hadrons.root does not exist
Error in <TFile::TFile>: file /phenix/mpcex/lajoie/ISU/SimOut/Run13_PP/510/ckin240/90373/makejets_hadrons.root does not exist
Error in <TFile::TFile>: file /phenix/mpcex/lajoie/ISU/SimOut/Run13_PP/510/ckin240/90477/makejets_hadrons.root does not exist
Error in <TFile::TFile>: file /phenix/mpcex/lajoie/ISU/SimOut/Run13_PP/510/ckin240/90483/makejets_hadrons.root does not exist
Error in <TFile::TFile>: file /phenix/mpcex/lajoie/ISU/SimOut/Run13_PP/510/ckin240/90534/makejets_hadrons.root does not exist
Error in <TFile::TFile>: file /phenix/mpcex/lajoie/ISU/SimOut/Run13_PP/510/ckin240/90552/makejets_hadrons.root does not exist
Error in <TFile::TFile>: file /phenix/mpcex/lajoie/ISU/SimOut/Run13_PP/510/ckin240/90561/makejets_hadrons.root does not exist
Error in <TFile::TFile>: file /phenix/mpcex/lajoie/ISU/SimOut/Run13_PP/510/ckin240/90588/makejets_hadrons.root does not exist
Error in <TFile::TFile>: file /phenix/mpcex/lajoie/ISU/SimOut/Run13_PP/510/ckin240/90623/makejets_hadrons.root does not exist
Error in <TFile::TFile>: file /phenix/mpcex/lajoie/ISU/SimOut/Run13_PP/510/ckin240/90644/makejets_hadrons.root does not exist
Error in <TFile::TFile>: file /phenix/mpcex/lajoie/ISU/SimOut/Run13_PP/510/ckin240/90692/makejets_hadrons.root does not exist
Error in <TFile::TFile>: file /phenix/mpcex/lajoie/ISU/SimOut/Run13_PP/510/ckin240/90714/makejets_hadrons.root does not exist
Error in <TFile::TFile>: file /phenix/mpcex/lajoie/ISU/SimOut/Run13_PP/510/ckin240/90717/makejets_hadrons.root does not exist
Error in <TFile::TFile>: file /phenix/mpcex/lajoie/ISU/SimOut/Run13_PP/510/ckin240/90731/makejets_hadrons.root does not exist
Error in <TFile::TFile>: file /phenix/mpcex/lajoie/ISU/SimOut/Run13_PP/510/ckin240/90788/makejets_hadrons.root does not exist
Error in <TFile::TFile>: file /phenix/mpcex/lajoie/ISU/SimOut/Run13_PP/510/ckin240/90872/makejets_hadrons.root does not exist
Error in <TFile::TFile>: file /phenix/mpcex/lajoie/ISU/SimOut/Run13_PP/510/ckin240/90898/makejets_hadrons.root does not exist
Error in <TFile::TFile>: file /phenix/mpcex/lajoie/ISU/SimOut/Run13_PP/510/ckin240/90949/makejets_hadrons.root does not exist
Error in <TFile::TFile>: file /phenix/mpcex/lajoie/ISU/SimOut/Run13_PP/510/ckin240/90954/makejets_hadrons.root does not exist
Error in <TFile::TFile>: file /phenix/mpcex/lajoie/ISU/SimOut/Run13_PP/510/ckin240/90973/makejets_hadrons.root does not exist
Error in <TFile::TFile>: file /phenix/mpcex/lajoie/ISU/SimOut/Run13_PP/510/ckin240/90979/makejets_hadrons.root does not exist
Error in <TFile::TFile>: file /phenix/mpcex/lajoie/ISU/SimOut/Run13_PP/510/ckin240/90983/makejets_hadrons.root does not exist
Error in <TFile::TFile>: file /phenix/mpcex/lajoie/ISU/SimOut/Run13_PP/510/ckin240/91013/makejets_hadrons.root does not exist
Error in <TFile::TFile>: file /phenix/mpcex/lajoie/ISU/SimOut/Run13_PP/510/ckin240/91074/makejets_hadrons.root does not exist
Error in <TFile::TFile>: file /phenix/mpcex/lajoie/ISU/SimOut/Run13_PP/510/ckin240/91088/makejets_hadrons.root does not exist
Error in <TFile::TFile>: file /phenix/mpcex/lajoie/ISU/SimOut/Run13_PP/510/ckin240/91113/makejets_hadrons.root does not exist
Error in <TFile::TFile>: file /phenix/mpcex/lajoie/ISU/SimOut/Run13_PP/510/ckin240/91168/makejets_hadrons.root does not exist
Error in <TFile::TFile>: file /phenix/mpcex/lajoie/ISU/SimOut/Run13_PP/510/ckin240/91412/makejets_hadrons.root does not exist
Error in <TFile::TFile>: file /phenix/mpcex/lajoie/ISU/SimOut/Run13_PP/510/ckin240/91596/makejets_hadrons.root does not exist
Error in <TFile::TFile>: file /phenix/mpcex/lajoie/ISU/SimOut/Run13_PP/510/ckin240/91879/makejets_hadrons.root does not exist
Error in <TFile::TFile>: file /phenix/mpcex/lajoie/ISU/SimOut/Run13_PP/510/ckin240/92158/makejets_hadrons.root does not exist
Error in <TFile::TFile>: file /phenix/mpcex/lajoie/ISU/SimOut/Run13_PP/510/ckin240/92204/makejets_hadrons.root does not exist
Error in <TFile::TFile>: file /phenix/mpcex/lajoie/ISU/SimOut/Run13_PP/510/ckin240/92568/makejets_hadrons.root does not exist
Error in <TFile::TFile>: file /phenix/mpcex/lajoie/ISU/SimOut/Run13_PP/510/ckin240/92783/makejets_hadrons.root does not exist
Examining 534060 events (matched jets) ....
