.:/opt/phenix/core/lib:/opt/phenix/utils/lib:/usr/local/lib:/usr/lib:/afs/rhic.bnl.gov/phenix/PHENIX_LIB/sys/x8664_sl7/new.1/lib:/afs/rhic.bnl.gov/x8664_sl7/opt/phenix/core/root-5.34.36/lib:/afs/rhic.bnl.gov/app/insure-7.5.0/lib:/cern/pro/lib:/afs/rhic.bnl.gov/x8664_sl7/opt/phenix/core/geant4.10.00.p02/lib:/opt/phenix/core/lib64:/opt/phenix/utils/lib64:/opt/phenix/64/core/lib
0

Processing genNewTree.C+(5)...
Info in <TUnixSystem::ACLiC>: creating shared library /gpfs/mnt/gpfs02/sphenix/user/yzhai/JetSubStructure/GenSimTree/./genNewTree_C.so
Run13pp510
Error in <TFile::TFile>: file /phenix/mpcex/lajoie/ISU/SimOut/Run13_PP/510/ckin5/1328/makejets_hadrons.root does not exist
Error in <TFile::TFile>: file /phenix/mpcex/lajoie/ISU/SimOut/Run13_PP/510/ckin5/1512/makejets_hadrons.root does not exist
Error in <TFile::TFile>: file /phenix/mpcex/lajoie/ISU/SimOut/Run13_PP/510/ckin5/2829/makejets_hadrons.root does not exist
Error in <TFile::TFile>: file /phenix/mpcex/lajoie/ISU/SimOut/Run13_PP/510/ckin5/2830/makejets_hadrons.root does not exist
Error in <TFile::TFile>: file /phenix/mpcex/lajoie/ISU/SimOut/Run13_PP/510/ckin5/3661/makejets_hadrons.root does not exist
Error in <TFile::TFile>: file /phenix/mpcex/lajoie/ISU/SimOut/Run13_PP/510/ckin5/3859/makejets_hadrons.root does not exist
Error in <TFile::TFile>: file /phenix/mpcex/lajoie/ISU/SimOut/Run13_PP/510/ckin5/3951/makejets_hadrons.root does not exist
Error in <TFile::TFile>: file /phenix/mpcex/lajoie/ISU/SimOut/Run13_PP/510/ckin5/4109/makejets_hadrons.root does not exist
Error in <TFile::TFile>: file /phenix/mpcex/lajoie/ISU/SimOut/Run13_PP/510/ckin5/5227/makejets_hadrons.root does not exist
Error in <TFile::TFile>: file /phenix/mpcex/lajoie/ISU/SimOut/Run13_PP/510/ckin5/5232/makejets_hadrons.root does not exist
Error in <TFile::TFile>: file /phenix/mpcex/lajoie/ISU/SimOut/Run13_PP/510/ckin5/5597/makejets_hadrons.root does not exist
Error in <TFile::TFile>: file /phenix/mpcex/lajoie/ISU/SimOut/Run13_PP/510/ckin5/5713/makejets_hadrons.root does not exist
Error in <TFile::TFile>: file /phenix/mpcex/lajoie/ISU/SimOut/Run13_PP/510/ckin5/5761/makejets_hadrons.root does not exist
Error in <TFile::TFile>: file /phenix/mpcex/lajoie/ISU/SimOut/Run13_PP/510/ckin5/6418/makejets_hadrons.root does not exist
Error in <TFile::TFile>: file /phenix/mpcex/lajoie/ISU/SimOut/Run13_PP/510/ckin5/6568/makejets_hadrons.root does not exist
Error in <TFile::TFile>: file /phenix/mpcex/lajoie/ISU/SimOut/Run13_PP/510/ckin5/7272/makejets_hadrons.root does not exist
Error in <TFile::TFile>: file /phenix/mpcex/lajoie/ISU/SimOut/Run13_PP/510/ckin5/8347/makejets_hadrons.root does not exist
Error in <TFile::TFile>: file /phenix/mpcex/lajoie/ISU/SimOut/Run13_PP/510/ckin5/8574/makejets_hadrons.root does not exist
Error in <TFile::TFile>: file /phenix/mpcex/lajoie/ISU/SimOut/Run13_PP/510/ckin5/8575/makejets_hadrons.root does not exist
Error in <TFile::TFile>: file /phenix/mpcex/lajoie/ISU/SimOut/Run13_PP/510/ckin5/8938/makejets_hadrons.root does not exist
Error in <TFile::TFile>: file /phenix/mpcex/lajoie/ISU/SimOut/Run13_PP/510/ckin5/9179/makejets_hadrons.root does not exist
Error in <TFile::TFile>: file /phenix/mpcex/lajoie/ISU/SimOut/Run13_PP/510/ckin5/9242/makejets_hadrons.root does not exist
Error in <TFile::TFile>: file /phenix/mpcex/lajoie/ISU/SimOut/Run13_PP/510/ckin5/10121/makejets_hadrons.root does not exist
Error in <TFile::TFile>: file /phenix/mpcex/lajoie/ISU/SimOut/Run13_PP/510/ckin5/10323/makejets_hadrons.root does not exist
Error in <TFile::TFile>: file /phenix/mpcex/lajoie/ISU/SimOut/Run13_PP/510/ckin5/10617/makejets_hadrons.root does not exist
Error in <TFile::TFile>: file /phenix/mpcex/lajoie/ISU/SimOut/Run13_PP/510/ckin5/12196/makejets_hadrons.root does not exist
Error in <TFile::TFile>: file /phenix/mpcex/lajoie/ISU/SimOut/Run13_PP/510/ckin5/12302/makejets_hadrons.root does not exist
Error in <TFile::TFile>: file /phenix/mpcex/lajoie/ISU/SimOut/Run13_PP/510/ckin5/12303/makejets_hadrons.root does not exist
Error in <TFile::TFile>: file /phenix/mpcex/lajoie/ISU/SimOut/Run13_PP/510/ckin5/12494/makejets_hadrons.root does not exist
Error in <TFile::TFile>: file /phenix/mpcex/lajoie/ISU/SimOut/Run13_PP/510/ckin5/12596/makejets_hadrons.root does not exist
Error in <TFile::TFile>: file /phenix/mpcex/lajoie/ISU/SimOut/Run13_PP/510/ckin5/12639/makejets_hadrons.root does not exist
Error in <TFile::TFile>: file /phenix/mpcex/lajoie/ISU/SimOut/Run13_PP/510/ckin5/12651/makejets_hadrons.root does not exist
Error in <TFile::TFile>: file /phenix/mpcex/lajoie/ISU/SimOut/Run13_PP/510/ckin5/12668/makejets_hadrons.root does not exist
Error in <TFile::TFile>: file /phenix/mpcex/lajoie/ISU/SimOut/Run13_PP/510/ckin5/12714/makejets_hadrons.root does not exist
Error in <TFile::TFile>: file /phenix/mpcex/lajoie/ISU/SimOut/Run13_PP/510/ckin5/12767/makejets_hadrons.root does not exist
Error in <TFile::TFile>: file /phenix/mpcex/lajoie/ISU/SimOut/Run13_PP/510/ckin5/12785/makejets_hadrons.root does not exist
Error in <TFile::TFile>: file /phenix/mpcex/lajoie/ISU/SimOut/Run13_PP/510/ckin5/12892/makejets_hadrons.root does not exist
Error in <TFile::TFile>: file /phenix/mpcex/lajoie/ISU/SimOut/Run13_PP/510/ckin5/12914/makejets_hadrons.root does not exist
Error in <TFile::TFile>: file /phenix/mpcex/lajoie/ISU/SimOut/Run13_PP/510/ckin5/12954/makejets_hadrons.root does not exist
Error in <TFile::TFile>: file /phenix/mpcex/lajoie/ISU/SimOut/Run13_PP/510/ckin5/13005/makejets_hadrons.root does not exist
Error in <TFile::TFile>: file /phenix/mpcex/lajoie/ISU/SimOut/Run13_PP/510/ckin5/13170/makejets_hadrons.root does not exist
Error in <TFile::TFile>: file /phenix/mpcex/lajoie/ISU/SimOut/Run13_PP/510/ckin5/13386/makejets_hadrons.root does not exist
Error in <TFile::TFile>: file /phenix/mpcex/lajoie/ISU/SimOut/Run13_PP/510/ckin5/13410/makejets_hadrons.root does not exist
Error in <TFile::TFile>: file /phenix/mpcex/lajoie/ISU/SimOut/Run13_PP/510/ckin5/13485/makejets_hadrons.root does not exist
Error in <TFile::TFile>: file /phenix/mpcex/lajoie/ISU/SimOut/Run13_PP/510/ckin5/13498/makejets_hadrons.root does not exist
Error in <TFile::TFile>: file /phenix/mpcex/lajoie/ISU/SimOut/Run13_PP/510/ckin5/13577/makejets_hadrons.root does not exist
Error in <TFile::TFile>: file /phenix/mpcex/lajoie/ISU/SimOut/Run13_PP/510/ckin5/13597/makejets_hadrons.root does not exist
Error in <TFile::TFile>: file /phenix/mpcex/lajoie/ISU/SimOut/Run13_PP/510/ckin5/13615/makejets_hadrons.root does not exist
Error in <TFile::TFile>: file /phenix/mpcex/lajoie/ISU/SimOut/Run13_PP/510/ckin5/13635/makejets_hadrons.root does not exist
Error in <TFile::TFile>: file /phenix/mpcex/lajoie/ISU/SimOut/Run13_PP/510/ckin5/13718/makejets_hadrons.root does not exist
Error in <TFile::TFile>: file /phenix/mpcex/lajoie/ISU/SimOut/Run13_PP/510/ckin5/13760/makejets_hadrons.root does not exist
Error in <TFile::TFile>: file /phenix/mpcex/lajoie/ISU/SimOut/Run13_PP/510/ckin5/13842/makejets_hadrons.root does not exist
Error in <TFile::TFile>: file /phenix/mpcex/lajoie/ISU/SimOut/Run13_PP/510/ckin5/13868/makejets_hadrons.root does not exist
Error in <TFile::TFile>: file /phenix/mpcex/lajoie/ISU/SimOut/Run13_PP/510/ckin5/14055/makejets_hadrons.root does not exist
Error in <TFile::TFile>: file /phenix/mpcex/lajoie/ISU/SimOut/Run13_PP/510/ckin5/14124/makejets_hadrons.root does not exist
Error in <TFile::TFile>: file /phenix/mpcex/lajoie/ISU/SimOut/Run13_PP/510/ckin5/14327/makejets_hadrons.root does not exist
Error in <TFile::TFile>: file /phenix/mpcex/lajoie/ISU/SimOut/Run13_PP/510/ckin5/14488/makejets_hadrons.root does not exist
Error in <TFile::TFile>: file /phenix/mpcex/lajoie/ISU/SimOut/Run13_PP/510/ckin5/14551/makejets_hadrons.root does not exist
Error in <TFile::TFile>: file /phenix/mpcex/lajoie/ISU/SimOut/Run13_PP/510/ckin5/14583/makejets_hadrons.root does not exist
Error in <TFile::TFile>: file /phenix/mpcex/lajoie/ISU/SimOut/Run13_PP/510/ckin5/14618/makejets_hadrons.root does not exist
Error in <TFile::TFile>: file /phenix/mpcex/lajoie/ISU/SimOut/Run13_PP/510/ckin5/14625/makejets_hadrons.root does not exist
Error in <TFile::TFile>: file /phenix/mpcex/lajoie/ISU/SimOut/Run13_PP/510/ckin5/14763/makejets_hadrons.root does not exist
Error in <TFile::TFile>: file /phenix/mpcex/lajoie/ISU/SimOut/Run13_PP/510/ckin5/14809/makejets_hadrons.root does not exist
Error in <TFile::TFile>: file /phenix/mpcex/lajoie/ISU/SimOut/Run13_PP/510/ckin5/14879/makejets_hadrons.root does not exist
Error in <TFile::TFile>: file /phenix/mpcex/lajoie/ISU/SimOut/Run13_PP/510/ckin5/14989/makejets_hadrons.root does not exist
Error in <TFile::TFile>: file /phenix/mpcex/lajoie/ISU/SimOut/Run13_PP/510/ckin5/14992/makejets_hadrons.root does not exist
Error in <TFile::TFile>: file /phenix/mpcex/lajoie/ISU/SimOut/Run13_PP/510/ckin5/15027/makejets_hadrons.root does not exist
Error in <TFile::TFile>: file /phenix/mpcex/lajoie/ISU/SimOut/Run13_PP/510/ckin5/15054/makejets_hadrons.root does not exist
Error in <TFile::TFile>: file /phenix/mpcex/lajoie/ISU/SimOut/Run13_PP/510/ckin5/15072/makejets_hadrons.root does not exist
Error in <TFile::TFile>: file /phenix/mpcex/lajoie/ISU/SimOut/Run13_PP/510/ckin5/15082/makejets_hadrons.root does not exist
Error in <TFile::TFile>: file /phenix/mpcex/lajoie/ISU/SimOut/Run13_PP/510/ckin5/15130/makejets_hadrons.root does not exist
Error in <TFile::TFile>: file /phenix/mpcex/lajoie/ISU/SimOut/Run13_PP/510/ckin5/15139/makejets_hadrons.root does not exist
Error in <TFile::TFile>: file /phenix/mpcex/lajoie/ISU/SimOut/Run13_PP/510/ckin5/15162/makejets_hadrons.root does not exist
Error in <TFile::TFile>: file /phenix/mpcex/lajoie/ISU/SimOut/Run13_PP/510/ckin5/15171/makejets_hadrons.root does not exist
Error in <TFile::TFile>: file /phenix/mpcex/lajoie/ISU/SimOut/Run13_PP/510/ckin5/15186/makejets_hadrons.root does not exist
Error in <TFile::TFile>: file /phenix/mpcex/lajoie/ISU/SimOut/Run13_PP/510/ckin5/15218/makejets_hadrons.root does not exist
Error in <TFile::TFile>: file /phenix/mpcex/lajoie/ISU/SimOut/Run13_PP/510/ckin5/15232/makejets_hadrons.root does not exist
Error in <TFile::TFile>: file /phenix/mpcex/lajoie/ISU/SimOut/Run13_PP/510/ckin5/15245/makejets_hadrons.root does not exist
Error in <TFile::TFile>: file /phenix/mpcex/lajoie/ISU/SimOut/Run13_PP/510/ckin5/15254/makejets_hadrons.root does not exist
Error in <TFile::TFile>: file /phenix/mpcex/lajoie/ISU/SimOut/Run13_PP/510/ckin5/15277/makejets_hadrons.root does not exist
Error in <TFile::TFile>: file /phenix/mpcex/lajoie/ISU/SimOut/Run13_PP/510/ckin5/15360/makejets_hadrons.root does not exist
Error in <TFile::TFile>: file /phenix/mpcex/lajoie/ISU/SimOut/Run13_PP/510/ckin5/15362/makejets_hadrons.root does not exist
Error in <TFile::TFile>: file /phenix/mpcex/lajoie/ISU/SimOut/Run13_PP/510/ckin5/15374/makejets_hadrons.root does not exist
Error in <TFile::TFile>: file /phenix/mpcex/lajoie/ISU/SimOut/Run13_PP/510/ckin5/15377/makejets_hadrons.root does not exist
Error in <TFile::TFile>: file /phenix/mpcex/lajoie/ISU/SimOut/Run13_PP/510/ckin5/15415/makejets_hadrons.root does not exist
Error in <TFile::TFile>: file /phenix/mpcex/lajoie/ISU/SimOut/Run13_PP/510/ckin5/15419/makejets_hadrons.root does not exist
Error in <TFile::TFile>: file /phenix/mpcex/lajoie/ISU/SimOut/Run13_PP/510/ckin5/15447/makejets_hadrons.root does not exist
Error in <TFile::TFile>: file /phenix/mpcex/lajoie/ISU/SimOut/Run13_PP/510/ckin5/15500/makejets_hadrons.root does not exist
Error in <TFile::TFile>: file /phenix/mpcex/lajoie/ISU/SimOut/Run13_PP/510/ckin5/15510/makejets_hadrons.root does not exist
Error in <TFile::TFile>: file /phenix/mpcex/lajoie/ISU/SimOut/Run13_PP/510/ckin5/15521/makejets_hadrons.root does not exist
Error in <TFile::TFile>: file /phenix/mpcex/lajoie/ISU/SimOut/Run13_PP/510/ckin5/15554/makejets_hadrons.root does not exist
Error in <TFile::TFile>: file /phenix/mpcex/lajoie/ISU/SimOut/Run13_PP/510/ckin5/15563/makejets_hadrons.root does not exist
Error in <TFile::TFile>: file /phenix/mpcex/lajoie/ISU/SimOut/Run13_PP/510/ckin5/15599/makejets_hadrons.root does not exist
Error in <TFile::TFile>: file /phenix/mpcex/lajoie/ISU/SimOut/Run13_PP/510/ckin5/15768/makejets_hadrons.root does not exist
Error in <TFile::TFile>: file /phenix/mpcex/lajoie/ISU/SimOut/Run13_PP/510/ckin5/15834/makejets_hadrons.root does not exist
Error in <TFile::TFile>: file /phenix/mpcex/lajoie/ISU/SimOut/Run13_PP/510/ckin5/15968/makejets_hadrons.root does not exist
Error in <TFile::TFile>: file /phenix/mpcex/lajoie/ISU/SimOut/Run13_PP/510/ckin5/15969/makejets_hadrons.root does not exist
Error in <TFile::TFile>: file /phenix/mpcex/lajoie/ISU/SimOut/Run13_PP/510/ckin5/15986/makejets_hadrons.root does not exist
Error in <TFile::TFile>: file /phenix/mpcex/lajoie/ISU/SimOut/Run13_PP/510/ckin5/15994/makejets_hadrons.root does not exist
Error in <TFile::TFile>: file /phenix/mpcex/lajoie/ISU/SimOut/Run13_PP/510/ckin5/15997/makejets_hadrons.root does not exist
Error in <TFile::TFile>: file /phenix/mpcex/lajoie/ISU/SimOut/Run13_PP/510/ckin5/16003/makejets_hadrons.root does not exist
Error in <TFile::TFile>: file /phenix/mpcex/lajoie/ISU/SimOut/Run13_PP/510/ckin5/16022/makejets_hadrons.root does not exist
Error in <TFile::TFile>: file /phenix/mpcex/lajoie/ISU/SimOut/Run13_PP/510/ckin5/16025/makejets_hadrons.root does not exist
Error in <TFile::TFile>: file /phenix/mpcex/lajoie/ISU/SimOut/Run13_PP/510/ckin5/16027/makejets_hadrons.root does not exist
Error in <TFile::TFile>: file /phenix/mpcex/lajoie/ISU/SimOut/Run13_PP/510/ckin5/16095/makejets_hadrons.root does not exist
Error in <TFile::TFile>: file /phenix/mpcex/lajoie/ISU/SimOut/Run13_PP/510/ckin5/16187/makejets_hadrons.root does not exist
Error in <TFile::TFile>: file /phenix/mpcex/lajoie/ISU/SimOut/Run13_PP/510/ckin5/16206/makejets_hadrons.root does not exist
Error in <TFile::TFile>: file /phenix/mpcex/lajoie/ISU/SimOut/Run13_PP/510/ckin5/16238/makejets_hadrons.root does not exist
Error in <TFile::TFile>: file /phenix/mpcex/lajoie/ISU/SimOut/Run13_PP/510/ckin5/16246/makejets_hadrons.root does not exist
Error in <TFile::TFile>: file /phenix/mpcex/lajoie/ISU/SimOut/Run13_PP/510/ckin5/16279/makejets_hadrons.root does not exist
Error in <TFile::TFile>: file /phenix/mpcex/lajoie/ISU/SimOut/Run13_PP/510/ckin5/16305/makejets_hadrons.root does not exist
Error in <TFile::TFile>: file /phenix/mpcex/lajoie/ISU/SimOut/Run13_PP/510/ckin5/16330/makejets_hadrons.root does not exist
Error in <TFile::TFile>: file /phenix/mpcex/lajoie/ISU/SimOut/Run13_PP/510/ckin5/16333/makejets_hadrons.root does not exist
Error in <TFile::TFile>: file /phenix/mpcex/lajoie/ISU/SimOut/Run13_PP/510/ckin5/16334/makejets_hadrons.root does not exist
Error in <TFile::TFile>: file /phenix/mpcex/lajoie/ISU/SimOut/Run13_PP/510/ckin5/16335/makejets_hadrons.root does not exist
Error in <TFile::TFile>: file /phenix/mpcex/lajoie/ISU/SimOut/Run13_PP/510/ckin5/16338/makejets_hadrons.root does not exist
Error in <TFile::TFile>: file /phenix/mpcex/lajoie/ISU/SimOut/Run13_PP/510/ckin5/16349/makejets_hadrons.root does not exist
Error in <TFile::TFile>: file /phenix/mpcex/lajoie/ISU/SimOut/Run13_PP/510/ckin5/16353/makejets_hadrons.root does not exist
Error in <TFile::TFile>: file /phenix/mpcex/lajoie/ISU/SimOut/Run13_PP/510/ckin5/16357/makejets_hadrons.root does not exist
Error in <TFile::TFile>: file /phenix/mpcex/lajoie/ISU/SimOut/Run13_PP/510/ckin5/16378/makejets_hadrons.root does not exist
Error in <TFile::TFile>: file /phenix/mpcex/lajoie/ISU/SimOut/Run13_PP/510/ckin5/16394/makejets_hadrons.root does not exist
Error in <TFile::TFile>: file /phenix/mpcex/lajoie/ISU/SimOut/Run13_PP/510/ckin5/16402/makejets_hadrons.root does not exist
Error in <TFile::TFile>: file /phenix/mpcex/lajoie/ISU/SimOut/Run13_PP/510/ckin5/16418/makejets_hadrons.root does not exist
Error in <TFile::TFile>: file /phenix/mpcex/lajoie/ISU/SimOut/Run13_PP/510/ckin5/16419/makejets_hadrons.root does not exist
Error in <TFile::TFile>: file /phenix/mpcex/lajoie/ISU/SimOut/Run13_PP/510/ckin5/16443/makejets_hadrons.root does not exist
Error in <TFile::TFile>: file /phenix/mpcex/lajoie/ISU/SimOut/Run13_PP/510/ckin5/16475/makejets_hadrons.root does not exist
Error in <TFile::TFile>: file /phenix/mpcex/lajoie/ISU/SimOut/Run13_PP/510/ckin5/16490/makejets_hadrons.root does not exist
Error in <TFile::TFile>: file /phenix/mpcex/lajoie/ISU/SimOut/Run13_PP/510/ckin5/16492/makejets_hadrons.root does not exist
Error in <TFile::TFile>: file /phenix/mpcex/lajoie/ISU/SimOut/Run13_PP/510/ckin5/16497/makejets_hadrons.root does not exist
Error in <TFile::TFile>: file /phenix/mpcex/lajoie/ISU/SimOut/Run13_PP/510/ckin5/16518/makejets_hadrons.root does not exist
Error in <TFile::TFile>: file /phenix/mpcex/lajoie/ISU/SimOut/Run13_PP/510/ckin5/16531/makejets_hadrons.root does not exist
Error in <TFile::TFile>: file /phenix/mpcex/lajoie/ISU/SimOut/Run13_PP/510/ckin5/16542/makejets_hadrons.root does not exist
Error in <TFile::TFile>: file /phenix/mpcex/lajoie/ISU/SimOut/Run13_PP/510/ckin5/16574/makejets_hadrons.root does not exist
Error in <TFile::TFile>: file /phenix/mpcex/lajoie/ISU/SimOut/Run13_PP/510/ckin5/16588/makejets_hadrons.root does not exist
Error in <TFile::TFile>: file /phenix/mpcex/lajoie/ISU/SimOut/Run13_PP/510/ckin5/16589/makejets_hadrons.root does not exist
Error in <TFile::TFile>: file /phenix/mpcex/lajoie/ISU/SimOut/Run13_PP/510/ckin5/16595/makejets_hadrons.root does not exist
Error in <TFile::TFile>: file /phenix/mpcex/lajoie/ISU/SimOut/Run13_PP/510/ckin5/16597/makejets_hadrons.root does not exist
Error in <TFile::TFile>: file /phenix/mpcex/lajoie/ISU/SimOut/Run13_PP/510/ckin5/16598/makejets_hadrons.root does not exist
Error in <TFile::TFile>: file /phenix/mpcex/lajoie/ISU/SimOut/Run13_PP/510/ckin5/16603/makejets_hadrons.root does not exist
Error in <TFile::TFile>: file /phenix/mpcex/lajoie/ISU/SimOut/Run13_PP/510/ckin5/16617/makejets_hadrons.root does not exist
Error in <TFile::TFile>: file /phenix/mpcex/lajoie/ISU/SimOut/Run13_PP/510/ckin5/16621/makejets_hadrons.root does not exist
Error in <TFile::TFile>: file /phenix/mpcex/lajoie/ISU/SimOut/Run13_PP/510/ckin5/16628/makejets_hadrons.root does not exist
Error in <TFile::TFile>: file /phenix/mpcex/lajoie/ISU/SimOut/Run13_PP/510/ckin5/16634/makejets_hadrons.root does not exist
Error in <TFile::TFile>: file /phenix/mpcex/lajoie/ISU/SimOut/Run13_PP/510/ckin5/16640/makejets_hadrons.root does not exist
Error in <TFile::TFile>: file /phenix/mpcex/lajoie/ISU/SimOut/Run13_PP/510/ckin5/16648/makejets_hadrons.root does not exist
Error in <TFile::TFile>: file /phenix/mpcex/lajoie/ISU/SimOut/Run13_PP/510/ckin5/16676/makejets_hadrons.root does not exist
Error in <TFile::TFile>: file /phenix/mpcex/lajoie/ISU/SimOut/Run13_PP/510/ckin5/16695/makejets_hadrons.root does not exist
Error in <TFile::TFile>: file /phenix/mpcex/lajoie/ISU/SimOut/Run13_PP/510/ckin5/16714/makejets_hadrons.root does not exist
Error in <TFile::TFile>: file /phenix/mpcex/lajoie/ISU/SimOut/Run13_PP/510/ckin5/16726/makejets_hadrons.root does not exist
Error in <TFile::TFile>: file /phenix/mpcex/lajoie/ISU/SimOut/Run13_PP/510/ckin5/16731/makejets_hadrons.root does not exist
Error in <TFile::TFile>: file /phenix/mpcex/lajoie/ISU/SimOut/Run13_PP/510/ckin5/16738/makejets_hadrons.root does not exist
Error in <TFile::TFile>: file /phenix/mpcex/lajoie/ISU/SimOut/Run13_PP/510/ckin5/16748/makejets_hadrons.root does not exist
Error in <TFile::TFile>: file /phenix/mpcex/lajoie/ISU/SimOut/Run13_PP/510/ckin5/16758/makejets_hadrons.root does not exist
Error in <TFile::TFile>: file /phenix/mpcex/lajoie/ISU/SimOut/Run13_PP/510/ckin5/16762/makejets_hadrons.root does not exist
Error in <TFile::TFile>: file /phenix/mpcex/lajoie/ISU/SimOut/Run13_PP/510/ckin5/16798/makejets_hadrons.root does not exist
Error in <TFile::TFile>: file /phenix/mpcex/lajoie/ISU/SimOut/Run13_PP/510/ckin5/16801/makejets_hadrons.root does not exist
Error in <TFile::TFile>: file /phenix/mpcex/lajoie/ISU/SimOut/Run13_PP/510/ckin5/16809/makejets_hadrons.root does not exist
Error in <TFile::TFile>: file /phenix/mpcex/lajoie/ISU/SimOut/Run13_PP/510/ckin5/16810/makejets_hadrons.root does not exist
Error in <TFile::TFile>: file /phenix/mpcex/lajoie/ISU/SimOut/Run13_PP/510/ckin5/16818/makejets_hadrons.root does not exist
Error in <TFile::TFile>: file /phenix/mpcex/lajoie/ISU/SimOut/Run13_PP/510/ckin5/16824/makejets_hadrons.root does not exist
Error in <TFile::TFile>: file /phenix/mpcex/lajoie/ISU/SimOut/Run13_PP/510/ckin5/16832/makejets_hadrons.root does not exist
Error in <TFile::TFile>: file /phenix/mpcex/lajoie/ISU/SimOut/Run13_PP/510/ckin5/16838/makejets_hadrons.root does not exist
Error in <TFile::TFile>: file /phenix/mpcex/lajoie/ISU/SimOut/Run13_PP/510/ckin5/16876/makejets_hadrons.root does not exist
Error in <TFile::TFile>: file /phenix/mpcex/lajoie/ISU/SimOut/Run13_PP/510/ckin5/16907/makejets_hadrons.root does not exist
Error in <TFile::TFile>: file /phenix/mpcex/lajoie/ISU/SimOut/Run13_PP/510/ckin5/16914/makejets_hadrons.root does not exist
Error in <TFile::TFile>: file /phenix/mpcex/lajoie/ISU/SimOut/Run13_PP/510/ckin5/16920/makejets_hadrons.root does not exist
Error in <TFile::TFile>: file /phenix/mpcex/lajoie/ISU/SimOut/Run13_PP/510/ckin5/16923/makejets_hadrons.root does not exist
Error in <TFile::TFile>: file /phenix/mpcex/lajoie/ISU/SimOut/Run13_PP/510/ckin5/16935/makejets_hadrons.root does not exist
Error in <TFile::TFile>: file /phenix/mpcex/lajoie/ISU/SimOut/Run13_PP/510/ckin5/16940/makejets_hadrons.root does not exist
Error in <TFile::TFile>: file /phenix/mpcex/lajoie/ISU/SimOut/Run13_PP/510/ckin5/16944/makejets_hadrons.root does not exist
Error in <TFile::TFile>: file /phenix/mpcex/lajoie/ISU/SimOut/Run13_PP/510/ckin5/16950/makejets_hadrons.root does not exist
Error in <TFile::TFile>: file /phenix/mpcex/lajoie/ISU/SimOut/Run13_PP/510/ckin5/16953/makejets_hadrons.root does not exist
Error in <TFile::TFile>: file /phenix/mpcex/lajoie/ISU/SimOut/Run13_PP/510/ckin5/16971/makejets_hadrons.root does not exist
Error in <TFile::TFile>: file /phenix/mpcex/lajoie/ISU/SimOut/Run13_PP/510/ckin5/16974/makejets_hadrons.root does not exist
Error in <TFile::TFile>: file /phenix/mpcex/lajoie/ISU/SimOut/Run13_PP/510/ckin5/16986/makejets_hadrons.root does not exist
Error in <TFile::TFile>: file /phenix/mpcex/lajoie/ISU/SimOut/Run13_PP/510/ckin5/16993/makejets_hadrons.root does not exist
Error in <TFile::TFile>: file /phenix/mpcex/lajoie/ISU/SimOut/Run13_PP/510/ckin5/17000/makejets_hadrons.root does not exist
Error in <TFile::TFile>: file /phenix/mpcex/lajoie/ISU/SimOut/Run13_PP/510/ckin5/17002/makejets_hadrons.root does not exist
Error in <TFile::TFile>: file /phenix/mpcex/lajoie/ISU/SimOut/Run13_PP/510/ckin5/17009/makejets_hadrons.root does not exist
Error in <TFile::TFile>: file /phenix/mpcex/lajoie/ISU/SimOut/Run13_PP/510/ckin5/17024/makejets_hadrons.root does not exist
Error in <TFile::TFile>: file /phenix/mpcex/lajoie/ISU/SimOut/Run13_PP/510/ckin5/17028/makejets_hadrons.root does not exist
Error in <TFile::TFile>: file /phenix/mpcex/lajoie/ISU/SimOut/Run13_PP/510/ckin5/17035/makejets_hadrons.root does not exist
Error in <TFile::TFile>: file /phenix/mpcex/lajoie/ISU/SimOut/Run13_PP/510/ckin5/17039/makejets_hadrons.root does not exist
Error in <TFile::TFile>: file /phenix/mpcex/lajoie/ISU/SimOut/Run13_PP/510/ckin5/17041/makejets_hadrons.root does not exist
Error in <TFile::TFile>: file /phenix/mpcex/lajoie/ISU/SimOut/Run13_PP/510/ckin5/17050/makejets_hadrons.root does not exist
Error in <TFile::TFile>: file /phenix/mpcex/lajoie/ISU/SimOut/Run13_PP/510/ckin5/17051/makejets_hadrons.root does not exist
Error in <TFile::TFile>: file /phenix/mpcex/lajoie/ISU/SimOut/Run13_PP/510/ckin5/17062/makejets_hadrons.root does not exist
Error in <TFile::TFile>: file /phenix/mpcex/lajoie/ISU/SimOut/Run13_PP/510/ckin5/17070/makejets_hadrons.root does not exist
Error in <TFile::TFile>: file /phenix/mpcex/lajoie/ISU/SimOut/Run13_PP/510/ckin5/17086/makejets_hadrons.root does not exist
Error in <TFile::TFile>: file /phenix/mpcex/lajoie/ISU/SimOut/Run13_PP/510/ckin5/17102/makejets_hadrons.root does not exist
Error in <TFile::TFile>: file /phenix/mpcex/lajoie/ISU/SimOut/Run13_PP/510/ckin5/17123/makejets_hadrons.root does not exist
Error in <TFile::TFile>: file /phenix/mpcex/lajoie/ISU/SimOut/Run13_PP/510/ckin5/17132/makejets_hadrons.root does not exist
Error in <TFile::TFile>: file /phenix/mpcex/lajoie/ISU/SimOut/Run13_PP/510/ckin5/17166/makejets_hadrons.root does not exist
Error in <TFile::TFile>: file /phenix/mpcex/lajoie/ISU/SimOut/Run13_PP/510/ckin5/17190/makejets_hadrons.root does not exist
Error in <TFile::TFile>: file /phenix/mpcex/lajoie/ISU/SimOut/Run13_PP/510/ckin5/17232/makejets_hadrons.root does not exist
Error in <TFile::TFile>: file /phenix/mpcex/lajoie/ISU/SimOut/Run13_PP/510/ckin5/17254/makejets_hadrons.root does not exist
Error in <TFile::TFile>: file /phenix/mpcex/lajoie/ISU/SimOut/Run13_PP/510/ckin5/17280/makejets_hadrons.root does not exist
Error in <TFile::TFile>: file /phenix/mpcex/lajoie/ISU/SimOut/Run13_PP/510/ckin5/17298/makejets_hadrons.root does not exist
Error in <TFile::TFile>: file /phenix/mpcex/lajoie/ISU/SimOut/Run13_PP/510/ckin5/17322/makejets_hadrons.root does not exist
Error in <TFile::TFile>: file /phenix/mpcex/lajoie/ISU/SimOut/Run13_PP/510/ckin5/17324/makejets_hadrons.root does not exist
Error in <TFile::TFile>: file /phenix/mpcex/lajoie/ISU/SimOut/Run13_PP/510/ckin5/17333/makejets_hadrons.root does not exist
Error in <TFile::TFile>: file /phenix/mpcex/lajoie/ISU/SimOut/Run13_PP/510/ckin5/17368/makejets_hadrons.root does not exist
Error in <TFile::TFile>: file /phenix/mpcex/lajoie/ISU/SimOut/Run13_PP/510/ckin5/17390/makejets_hadrons.root does not exist
Error in <TFile::TFile>: file /phenix/mpcex/lajoie/ISU/SimOut/Run13_PP/510/ckin5/17396/makejets_hadrons.root does not exist
Error in <TFile::TFile>: file /phenix/mpcex/lajoie/ISU/SimOut/Run13_PP/510/ckin5/17402/makejets_hadrons.root does not exist
Error in <TFile::TFile>: file /phenix/mpcex/lajoie/ISU/SimOut/Run13_PP/510/ckin5/17411/makejets_hadrons.root does not exist
Error in <TFile::TFile>: file /phenix/mpcex/lajoie/ISU/SimOut/Run13_PP/510/ckin5/17434/makejets_hadrons.root does not exist
Error in <TFile::TFile>: file /phenix/mpcex/lajoie/ISU/SimOut/Run13_PP/510/ckin5/17435/makejets_hadrons.root does not exist
Error in <TFile::TFile>: file /phenix/mpcex/lajoie/ISU/SimOut/Run13_PP/510/ckin5/17441/makejets_hadrons.root does not exist
Error in <TFile::TFile>: file /phenix/mpcex/lajoie/ISU/SimOut/Run13_PP/510/ckin5/17478/makejets_hadrons.root does not exist
Error in <TFile::TFile>: file /phenix/mpcex/lajoie/ISU/SimOut/Run13_PP/510/ckin5/17487/makejets_hadrons.root does not exist
Error in <TFile::TFile>: file /phenix/mpcex/lajoie/ISU/SimOut/Run13_PP/510/ckin5/17521/makejets_hadrons.root does not exist
Error in <TFile::TFile>: file /phenix/mpcex/lajoie/ISU/SimOut/Run13_PP/510/ckin5/17541/makejets_hadrons.root does not exist
Error in <TFile::TFile>: file /phenix/mpcex/lajoie/ISU/SimOut/Run13_PP/510/ckin5/17567/makejets_hadrons.root does not exist
Error in <TFile::TFile>: file /phenix/mpcex/lajoie/ISU/SimOut/Run13_PP/510/ckin5/17572/makejets_hadrons.root does not exist
Error in <TFile::TFile>: file /phenix/mpcex/lajoie/ISU/SimOut/Run13_PP/510/ckin5/17574/makejets_hadrons.root does not exist
Error in <TFile::TFile>: file /phenix/mpcex/lajoie/ISU/SimOut/Run13_PP/510/ckin5/17595/makejets_hadrons.root does not exist
Error in <TFile::TFile>: file /phenix/mpcex/lajoie/ISU/SimOut/Run13_PP/510/ckin5/17602/makejets_hadrons.root does not exist
Error in <TFile::TFile>: file /phenix/mpcex/lajoie/ISU/SimOut/Run13_PP/510/ckin5/17626/makejets_hadrons.root does not exist
Error in <TFile::TFile>: file /phenix/mpcex/lajoie/ISU/SimOut/Run13_PP/510/ckin5/17669/makejets_hadrons.root does not exist
Error in <TFile::TFile>: file /phenix/mpcex/lajoie/ISU/SimOut/Run13_PP/510/ckin5/17671/makejets_hadrons.root does not exist
Error in <TFile::TFile>: file /phenix/mpcex/lajoie/ISU/SimOut/Run13_PP/510/ckin5/17685/makejets_hadrons.root does not exist
Error in <TFile::TFile>: file /phenix/mpcex/lajoie/ISU/SimOut/Run13_PP/510/ckin5/17713/makejets_hadrons.root does not exist
Error in <TFile::TFile>: file /phenix/mpcex/lajoie/ISU/SimOut/Run13_PP/510/ckin5/17714/makejets_hadrons.root does not exist
Error in <TFile::TFile>: file /phenix/mpcex/lajoie/ISU/SimOut/Run13_PP/510/ckin5/17724/makejets_hadrons.root does not exist
Error in <TFile::TFile>: file /phenix/mpcex/lajoie/ISU/SimOut/Run13_PP/510/ckin5/17744/makejets_hadrons.root does not exist
Error in <TFile::TFile>: file /phenix/mpcex/lajoie/ISU/SimOut/Run13_PP/510/ckin5/17777/makejets_hadrons.root does not exist
Error in <TFile::TFile>: file /phenix/mpcex/lajoie/ISU/SimOut/Run13_PP/510/ckin5/17783/makejets_hadrons.root does not exist
Error in <TFile::TFile>: file /phenix/mpcex/lajoie/ISU/SimOut/Run13_PP/510/ckin5/17785/makejets_hadrons.root does not exist
Error in <TFile::TFile>: file /phenix/mpcex/lajoie/ISU/SimOut/Run13_PP/510/ckin5/17795/makejets_hadrons.root does not exist
Error in <TFile::TFile>: file /phenix/mpcex/lajoie/ISU/SimOut/Run13_PP/510/ckin5/17816/makejets_hadrons.root does not exist
Error in <TFile::TFile>: file /phenix/mpcex/lajoie/ISU/SimOut/Run13_PP/510/ckin5/17826/makejets_hadrons.root does not exist
Error in <TFile::TFile>: file /phenix/mpcex/lajoie/ISU/SimOut/Run13_PP/510/ckin5/17839/makejets_hadrons.root does not exist
Error in <TFile::TFile>: file /phenix/mpcex/lajoie/ISU/SimOut/Run13_PP/510/ckin5/17865/makejets_hadrons.root does not exist
Error in <TFile::TFile>: file /phenix/mpcex/lajoie/ISU/SimOut/Run13_PP/510/ckin5/17877/makejets_hadrons.root does not exist
Error in <TFile::TFile>: file /phenix/mpcex/lajoie/ISU/SimOut/Run13_PP/510/ckin5/17884/makejets_hadrons.root does not exist
Error in <TFile::TFile>: file /phenix/mpcex/lajoie/ISU/SimOut/Run13_PP/510/ckin5/17892/makejets_hadrons.root does not exist
Error in <TFile::TFile>: file /phenix/mpcex/lajoie/ISU/SimOut/Run13_PP/510/ckin5/17905/makejets_hadrons.root does not exist
Error in <TFile::TFile>: file /phenix/mpcex/lajoie/ISU/SimOut/Run13_PP/510/ckin5/17912/makejets_hadrons.root does not exist
Error in <TFile::TFile>: file /phenix/mpcex/lajoie/ISU/SimOut/Run13_PP/510/ckin5/17997/makejets_hadrons.root does not exist
Error in <TFile::TFile>: file /phenix/mpcex/lajoie/ISU/SimOut/Run13_PP/510/ckin5/18001/makejets_hadrons.root does not exist
Error in <TFile::TFile>: file /phenix/mpcex/lajoie/ISU/SimOut/Run13_PP/510/ckin5/18021/makejets_hadrons.root does not exist
Error in <TFile::TFile>: file /phenix/mpcex/lajoie/ISU/SimOut/Run13_PP/510/ckin5/18042/makejets_hadrons.root does not exist
Error in <TFile::TFile>: file /phenix/mpcex/lajoie/ISU/SimOut/Run13_PP/510/ckin5/18053/makejets_hadrons.root does not exist
Error in <TFile::TFile>: file /phenix/mpcex/lajoie/ISU/SimOut/Run13_PP/510/ckin5/18057/makejets_hadrons.root does not exist
Error in <TFile::TFile>: file /phenix/mpcex/lajoie/ISU/SimOut/Run13_PP/510/ckin5/18100/makejets_hadrons.root does not exist
Error in <TFile::TFile>: file /phenix/mpcex/lajoie/ISU/SimOut/Run13_PP/510/ckin5/18128/makejets_hadrons.root does not exist
Error in <TFile::TFile>: file /phenix/mpcex/lajoie/ISU/SimOut/Run13_PP/510/ckin5/18129/makejets_hadrons.root does not exist
Error in <TFile::TFile>: file /phenix/mpcex/lajoie/ISU/SimOut/Run13_PP/510/ckin5/18133/makejets_hadrons.root does not exist
Error in <TFile::TFile>: file /phenix/mpcex/lajoie/ISU/SimOut/Run13_PP/510/ckin5/18138/makejets_hadrons.root does not exist
Error in <TFile::TFile>: file /phenix/mpcex/lajoie/ISU/SimOut/Run13_PP/510/ckin5/18156/makejets_hadrons.root does not exist
Error in <TFile::TFile>: file /phenix/mpcex/lajoie/ISU/SimOut/Run13_PP/510/ckin5/18175/makejets_hadrons.root does not exist
Error in <TFile::TFile>: file /phenix/mpcex/lajoie/ISU/SimOut/Run13_PP/510/ckin5/18183/makejets_hadrons.root does not exist
Error in <TFile::TFile>: file /phenix/mpcex/lajoie/ISU/SimOut/Run13_PP/510/ckin5/18188/makejets_hadrons.root does not exist
Error in <TFile::TFile>: file /phenix/mpcex/lajoie/ISU/SimOut/Run13_PP/510/ckin5/18190/makejets_hadrons.root does not exist
Error in <TFile::TFile>: file /phenix/mpcex/lajoie/ISU/SimOut/Run13_PP/510/ckin5/18204/makejets_hadrons.root does not exist
Error in <TFile::TFile>: file /phenix/mpcex/lajoie/ISU/SimOut/Run13_PP/510/ckin5/18213/makejets_hadrons.root does not exist
Error in <TFile::TFile>: file /phenix/mpcex/lajoie/ISU/SimOut/Run13_PP/510/ckin5/18214/makejets_hadrons.root does not exist
Error in <TFile::TFile>: file /phenix/mpcex/lajoie/ISU/SimOut/Run13_PP/510/ckin5/18224/makejets_hadrons.root does not exist
Error in <TFile::TFile>: file /phenix/mpcex/lajoie/ISU/SimOut/Run13_PP/510/ckin5/18235/makejets_hadrons.root does not exist
Error in <TFile::TFile>: file /phenix/mpcex/lajoie/ISU/SimOut/Run13_PP/510/ckin5/18258/makejets_hadrons.root does not exist
Error in <TFile::TFile>: file /phenix/mpcex/lajoie/ISU/SimOut/Run13_PP/510/ckin5/18262/makejets_hadrons.root does not exist
Error in <TFile::TFile>: file /phenix/mpcex/lajoie/ISU/SimOut/Run13_PP/510/ckin5/18278/makejets_hadrons.root does not exist
Error in <TFile::TFile>: file /phenix/mpcex/lajoie/ISU/SimOut/Run13_PP/510/ckin5/18281/makejets_hadrons.root does not exist
Error in <TFile::TFile>: file /phenix/mpcex/lajoie/ISU/SimOut/Run13_PP/510/ckin5/18293/makejets_hadrons.root does not exist
Error in <TFile::TFile>: file /phenix/mpcex/lajoie/ISU/SimOut/Run13_PP/510/ckin5/18298/makejets_hadrons.root does not exist
Error in <TFile::TFile>: file /phenix/mpcex/lajoie/ISU/SimOut/Run13_PP/510/ckin5/18308/makejets_hadrons.root does not exist
Error in <TFile::TFile>: file /phenix/mpcex/lajoie/ISU/SimOut/Run13_PP/510/ckin5/18312/makejets_hadrons.root does not exist
Error in <TFile::TFile>: file /phenix/mpcex/lajoie/ISU/SimOut/Run13_PP/510/ckin5/18313/makejets_hadrons.root does not exist
Error in <TFile::TFile>: file /phenix/mpcex/lajoie/ISU/SimOut/Run13_PP/510/ckin5/18315/makejets_hadrons.root does not exist
Error in <TFile::TFile>: file /phenix/mpcex/lajoie/ISU/SimOut/Run13_PP/510/ckin5/18319/makejets_hadrons.root does not exist
Error in <TFile::TFile>: file /phenix/mpcex/lajoie/ISU/SimOut/Run13_PP/510/ckin5/18330/makejets_hadrons.root does not exist
Error in <TFile::TFile>: file /phenix/mpcex/lajoie/ISU/SimOut/Run13_PP/510/ckin5/18334/makejets_hadrons.root does not exist
Error in <TFile::TFile>: file /phenix/mpcex/lajoie/ISU/SimOut/Run13_PP/510/ckin5/18335/makejets_hadrons.root does not exist
Error in <TFile::TFile>: file /phenix/mpcex/lajoie/ISU/SimOut/Run13_PP/510/ckin5/18337/makejets_hadrons.root does not exist
Error in <TFile::TFile>: file /phenix/mpcex/lajoie/ISU/SimOut/Run13_PP/510/ckin5/18339/makejets_hadrons.root does not exist
Error in <TFile::TFile>: file /phenix/mpcex/lajoie/ISU/SimOut/Run13_PP/510/ckin5/18348/makejets_hadrons.root does not exist
Error in <TFile::TFile>: file /phenix/mpcex/lajoie/ISU/SimOut/Run13_PP/510/ckin5/18354/makejets_hadrons.root does not exist
Error in <TFile::TFile>: file /phenix/mpcex/lajoie/ISU/SimOut/Run13_PP/510/ckin5/18355/makejets_hadrons.root does not exist
Error in <TFile::TFile>: file /phenix/mpcex/lajoie/ISU/SimOut/Run13_PP/510/ckin5/18356/makejets_hadrons.root does not exist
Error in <TFile::TFile>: file /phenix/mpcex/lajoie/ISU/SimOut/Run13_PP/510/ckin5/18358/makejets_hadrons.root does not exist
Error in <TFile::TFile>: file /phenix/mpcex/lajoie/ISU/SimOut/Run13_PP/510/ckin5/18359/makejets_hadrons.root does not exist
Error in <TFile::TFile>: file /phenix/mpcex/lajoie/ISU/SimOut/Run13_PP/510/ckin5/18365/makejets_hadrons.root does not exist
Error in <TFile::TFile>: file /phenix/mpcex/lajoie/ISU/SimOut/Run13_PP/510/ckin5/18366/makejets_hadrons.root does not exist
Error in <TFile::TFile>: file /phenix/mpcex/lajoie/ISU/SimOut/Run13_PP/510/ckin5/18370/makejets_hadrons.root does not exist
Error in <TFile::TFile>: file /phenix/mpcex/lajoie/ISU/SimOut/Run13_PP/510/ckin5/18382/makejets_hadrons.root does not exist
Error in <TFile::TFile>: file /phenix/mpcex/lajoie/ISU/SimOut/Run13_PP/510/ckin5/18387/makejets_hadrons.root does not exist
Error in <TFile::TFile>: file /phenix/mpcex/lajoie/ISU/SimOut/Run13_PP/510/ckin5/18390/makejets_hadrons.root does not exist
Error in <TFile::TFile>: file /phenix/mpcex/lajoie/ISU/SimOut/Run13_PP/510/ckin5/18396/makejets_hadrons.root does not exist
Error in <TFile::TFile>: file /phenix/mpcex/lajoie/ISU/SimOut/Run13_PP/510/ckin5/18409/makejets_hadrons.root does not exist
Error in <TFile::TFile>: file /phenix/mpcex/lajoie/ISU/SimOut/Run13_PP/510/ckin5/18410/makejets_hadrons.root does not exist
Error in <TFile::TFile>: file /phenix/mpcex/lajoie/ISU/SimOut/Run13_PP/510/ckin5/18422/makejets_hadrons.root does not exist
Error in <TFile::TFile>: file /phenix/mpcex/lajoie/ISU/SimOut/Run13_PP/510/ckin5/18424/makejets_hadrons.root does not exist
Error in <TFile::TFile>: file /phenix/mpcex/lajoie/ISU/SimOut/Run13_PP/510/ckin5/18428/makejets_hadrons.root does not exist
Error in <TFile::TFile>: file /phenix/mpcex/lajoie/ISU/SimOut/Run13_PP/510/ckin5/18432/makejets_hadrons.root does not exist
Error in <TFile::TFile>: file /phenix/mpcex/lajoie/ISU/SimOut/Run13_PP/510/ckin5/18434/makejets_hadrons.root does not exist
Error in <TFile::TFile>: file /phenix/mpcex/lajoie/ISU/SimOut/Run13_PP/510/ckin5/18440/makejets_hadrons.root does not exist
Error in <TFile::TFile>: file /phenix/mpcex/lajoie/ISU/SimOut/Run13_PP/510/ckin5/18448/makejets_hadrons.root does not exist
Error in <TFile::TFile>: file /phenix/mpcex/lajoie/ISU/SimOut/Run13_PP/510/ckin5/18450/makejets_hadrons.root does not exist
Error in <TFile::TFile>: file /phenix/mpcex/lajoie/ISU/SimOut/Run13_PP/510/ckin5/18452/makejets_hadrons.root does not exist
Error in <TFile::TFile>: file /phenix/mpcex/lajoie/ISU/SimOut/Run13_PP/510/ckin5/18454/makejets_hadrons.root does not exist
Error in <TFile::TFile>: file /phenix/mpcex/lajoie/ISU/SimOut/Run13_PP/510/ckin5/18458/makejets_hadrons.root does not exist
Error in <TFile::TFile>: file /phenix/mpcex/lajoie/ISU/SimOut/Run13_PP/510/ckin5/18468/makejets_hadrons.root does not exist
Error in <TFile::TFile>: file /phenix/mpcex/lajoie/ISU/SimOut/Run13_PP/510/ckin5/18469/makejets_hadrons.root does not exist
Error in <TFile::TFile>: file /phenix/mpcex/lajoie/ISU/SimOut/Run13_PP/510/ckin5/18470/makejets_hadrons.root does not exist
Error in <TFile::TFile>: file /phenix/mpcex/lajoie/ISU/SimOut/Run13_PP/510/ckin5/18472/makejets_hadrons.root does not exist
Error in <TFile::TFile>: file /phenix/mpcex/lajoie/ISU/SimOut/Run13_PP/510/ckin5/18477/makejets_hadrons.root does not exist
Error in <TFile::TFile>: file /phenix/mpcex/lajoie/ISU/SimOut/Run13_PP/510/ckin5/18479/makejets_hadrons.root does not exist
Error in <TFile::TFile>: file /phenix/mpcex/lajoie/ISU/SimOut/Run13_PP/510/ckin5/18486/makejets_hadrons.root does not exist
Error in <TFile::TFile>: file /phenix/mpcex/lajoie/ISU/SimOut/Run13_PP/510/ckin5/18488/makejets_hadrons.root does not exist
Error in <TFile::TFile>: file /phenix/mpcex/lajoie/ISU/SimOut/Run13_PP/510/ckin5/18489/makejets_hadrons.root does not exist
Error in <TFile::TFile>: file /phenix/mpcex/lajoie/ISU/SimOut/Run13_PP/510/ckin5/18496/makejets_hadrons.root does not exist
Error in <TFile::TFile>: file /phenix/mpcex/lajoie/ISU/SimOut/Run13_PP/510/ckin5/18497/makejets_hadrons.root does not exist
Error in <TFile::TFile>: file /phenix/mpcex/lajoie/ISU/SimOut/Run13_PP/510/ckin5/18498/makejets_hadrons.root does not exist
Error in <TFile::TFile>: file /phenix/mpcex/lajoie/ISU/SimOut/Run13_PP/510/ckin5/18500/makejets_hadrons.root does not exist
Error in <TFile::TFile>: file /phenix/mpcex/lajoie/ISU/SimOut/Run13_PP/510/ckin5/18506/makejets_hadrons.root does not exist
Error in <TFile::TFile>: file /phenix/mpcex/lajoie/ISU/SimOut/Run13_PP/510/ckin5/18507/makejets_hadrons.root does not exist
Error in <TFile::TFile>: file /phenix/mpcex/lajoie/ISU/SimOut/Run13_PP/510/ckin5/18510/makejets_hadrons.root does not exist
Error in <TFile::TFile>: file /phenix/mpcex/lajoie/ISU/SimOut/Run13_PP/510/ckin5/18545/makejets_hadrons.root does not exist
Error in <TFile::TFile>: file /phenix/mpcex/lajoie/ISU/SimOut/Run13_PP/510/ckin5/18558/makejets_hadrons.root does not exist
Error in <TFile::TFile>: file /phenix/mpcex/lajoie/ISU/SimOut/Run13_PP/510/ckin5/18561/makejets_hadrons.root does not exist
Error in <TFile::TFile>: file /phenix/mpcex/lajoie/ISU/SimOut/Run13_PP/510/ckin5/18573/makejets_hadrons.root does not exist
Error in <TFile::TFile>: file /phenix/mpcex/lajoie/ISU/SimOut/Run13_PP/510/ckin5/18576/makejets_hadrons.root does not exist
Error in <TFile::TFile>: file /phenix/mpcex/lajoie/ISU/SimOut/Run13_PP/510/ckin5/18578/makejets_hadrons.root does not exist
Error in <TFile::TFile>: file /phenix/mpcex/lajoie/ISU/SimOut/Run13_PP/510/ckin5/18585/makejets_hadrons.root does not exist
Error in <TFile::TFile>: file /phenix/mpcex/lajoie/ISU/SimOut/Run13_PP/510/ckin5/18588/makejets_hadrons.root does not exist
Error in <TFile::TFile>: file /phenix/mpcex/lajoie/ISU/SimOut/Run13_PP/510/ckin5/18590/makejets_hadrons.root does not exist
Error in <TFile::TFile>: file /phenix/mpcex/lajoie/ISU/SimOut/Run13_PP/510/ckin5/18591/makejets_hadrons.root does not exist
Error in <TFile::TFile>: file /phenix/mpcex/lajoie/ISU/SimOut/Run13_PP/510/ckin5/18595/makejets_hadrons.root does not exist
Error in <TFile::TFile>: file /phenix/mpcex/lajoie/ISU/SimOut/Run13_PP/510/ckin5/18596/makejets_hadrons.root does not exist
Error in <TFile::TFile>: file /phenix/mpcex/lajoie/ISU/SimOut/Run13_PP/510/ckin5/18597/makejets_hadrons.root does not exist
Error in <TFile::TFile>: file /phenix/mpcex/lajoie/ISU/SimOut/Run13_PP/510/ckin5/18600/makejets_hadrons.root does not exist
Error in <TFile::TFile>: file /phenix/mpcex/lajoie/ISU/SimOut/Run13_PP/510/ckin5/18606/makejets_hadrons.root does not exist
Error in <TFile::TFile>: file /phenix/mpcex/lajoie/ISU/SimOut/Run13_PP/510/ckin5/18609/makejets_hadrons.root does not exist
Error in <TFile::TFile>: file /phenix/mpcex/lajoie/ISU/SimOut/Run13_PP/510/ckin5/18616/makejets_hadrons.root does not exist
Error in <TFile::TFile>: file /phenix/mpcex/lajoie/ISU/SimOut/Run13_PP/510/ckin5/18620/makejets_hadrons.root does not exist
Error in <TFile::TFile>: file /phenix/mpcex/lajoie/ISU/SimOut/Run13_PP/510/ckin5/18621/makejets_hadrons.root does not exist
Error in <TFile::TFile>: file /phenix/mpcex/lajoie/ISU/SimOut/Run13_PP/510/ckin5/18624/makejets_hadrons.root does not exist
Error in <TFile::TFile>: file /phenix/mpcex/lajoie/ISU/SimOut/Run13_PP/510/ckin5/18625/makejets_hadrons.root does not exist
Error in <TFile::TFile>: file /phenix/mpcex/lajoie/ISU/SimOut/Run13_PP/510/ckin5/18631/makejets_hadrons.root does not exist
Error in <TFile::TFile>: file /phenix/mpcex/lajoie/ISU/SimOut/Run13_PP/510/ckin5/18645/makejets_hadrons.root does not exist
Error in <TFile::TFile>: file /phenix/mpcex/lajoie/ISU/SimOut/Run13_PP/510/ckin5/18646/makejets_hadrons.root does not exist
Error in <TFile::TFile>: file /phenix/mpcex/lajoie/ISU/SimOut/Run13_PP/510/ckin5/18647/makejets_hadrons.root does not exist
Error in <TFile::TFile>: file /phenix/mpcex/lajoie/ISU/SimOut/Run13_PP/510/ckin5/18653/makejets_hadrons.root does not exist
Error in <TFile::TFile>: file /phenix/mpcex/lajoie/ISU/SimOut/Run13_PP/510/ckin5/18654/makejets_hadrons.root does not exist
Error in <TFile::TFile>: file /phenix/mpcex/lajoie/ISU/SimOut/Run13_PP/510/ckin5/18655/makejets_hadrons.root does not exist
Error in <TFile::TFile>: file /phenix/mpcex/lajoie/ISU/SimOut/Run13_PP/510/ckin5/18657/makejets_hadrons.root does not exist
Error in <TFile::TFile>: file /phenix/mpcex/lajoie/ISU/SimOut/Run13_PP/510/ckin5/18666/makejets_hadrons.root does not exist
Error in <TFile::TFile>: file /phenix/mpcex/lajoie/ISU/SimOut/Run13_PP/510/ckin5/18669/makejets_hadrons.root does not exist
Error in <TFile::TFile>: file /phenix/mpcex/lajoie/ISU/SimOut/Run13_PP/510/ckin5/18673/makejets_hadrons.root does not exist
Error in <TFile::TFile>: file /phenix/mpcex/lajoie/ISU/SimOut/Run13_PP/510/ckin5/18689/makejets_hadrons.root does not exist
Error in <TFile::TFile>: file /phenix/mpcex/lajoie/ISU/SimOut/Run13_PP/510/ckin5/18697/makejets_hadrons.root does not exist
Error in <TFile::TFile>: file /phenix/mpcex/lajoie/ISU/SimOut/Run13_PP/510/ckin5/18707/makejets_hadrons.root does not exist
Error in <TFile::TFile>: file /phenix/mpcex/lajoie/ISU/SimOut/Run13_PP/510/ckin5/18713/makejets_hadrons.root does not exist
Error in <TFile::TFile>: file /phenix/mpcex/lajoie/ISU/SimOut/Run13_PP/510/ckin5/18724/makejets_hadrons.root does not exist
Error in <TFile::TFile>: file /phenix/mpcex/lajoie/ISU/SimOut/Run13_PP/510/ckin5/18728/makejets_hadrons.root does not exist
Error in <TFile::TFile>: file /phenix/mpcex/lajoie/ISU/SimOut/Run13_PP/510/ckin5/18743/makejets_hadrons.root does not exist
Error in <TFile::TFile>: file /phenix/mpcex/lajoie/ISU/SimOut/Run13_PP/510/ckin5/18746/makejets_hadrons.root does not exist
Error in <TFile::TFile>: file /phenix/mpcex/lajoie/ISU/SimOut/Run13_PP/510/ckin5/18759/makejets_hadrons.root does not exist
Error in <TFile::TFile>: file /phenix/mpcex/lajoie/ISU/SimOut/Run13_PP/510/ckin5/18766/makejets_hadrons.root does not exist
Error in <TFile::TFile>: file /phenix/mpcex/lajoie/ISU/SimOut/Run13_PP/510/ckin5/18775/makejets_hadrons.root does not exist
Error in <TFile::TFile>: file /phenix/mpcex/lajoie/ISU/SimOut/Run13_PP/510/ckin5/18777/makejets_hadrons.root does not exist
Error in <TFile::TFile>: file /phenix/mpcex/lajoie/ISU/SimOut/Run13_PP/510/ckin5/18805/makejets_hadrons.root does not exist
Error in <TFile::TFile>: file /phenix/mpcex/lajoie/ISU/SimOut/Run13_PP/510/ckin5/18823/makejets_hadrons.root does not exist
Error in <TFile::TFile>: file /phenix/mpcex/lajoie/ISU/SimOut/Run13_PP/510/ckin5/18862/makejets_hadrons.root does not exist
Error in <TFile::TFile>: file /phenix/mpcex/lajoie/ISU/SimOut/Run13_PP/510/ckin5/18888/makejets_hadrons.root does not exist
Error in <TFile::TFile>: file /phenix/mpcex/lajoie/ISU/SimOut/Run13_PP/510/ckin5/18889/makejets_hadrons.root does not exist
Error in <TFile::TFile>: file /phenix/mpcex/lajoie/ISU/SimOut/Run13_PP/510/ckin5/18920/makejets_hadrons.root does not exist
Error in <TFile::TFile>: file /phenix/mpcex/lajoie/ISU/SimOut/Run13_PP/510/ckin5/18938/makejets_hadrons.root does not exist
Error in <TFile::TFile>: file /phenix/mpcex/lajoie/ISU/SimOut/Run13_PP/510/ckin5/18949/makejets_hadrons.root does not exist
Error in <TFile::TFile>: file /phenix/mpcex/lajoie/ISU/SimOut/Run13_PP/510/ckin5/18954/makejets_hadrons.root does not exist
Error in <TFile::TFile>: file /phenix/mpcex/lajoie/ISU/SimOut/Run13_PP/510/ckin5/18965/makejets_hadrons.root does not exist
Error in <TFile::TFile>: file /phenix/mpcex/lajoie/ISU/SimOut/Run13_PP/510/ckin5/18973/makejets_hadrons.root does not exist
Error in <TFile::TFile>: file /phenix/mpcex/lajoie/ISU/SimOut/Run13_PP/510/ckin5/18992/makejets_hadrons.root does not exist
Error in <TFile::TFile>: file /phenix/mpcex/lajoie/ISU/SimOut/Run13_PP/510/ckin5/19008/makejets_hadrons.root does not exist
Error in <TFile::TFile>: file /phenix/mpcex/lajoie/ISU/SimOut/Run13_PP/510/ckin5/19024/makejets_hadrons.root does not exist
Error in <TFile::TFile>: file /phenix/mpcex/lajoie/ISU/SimOut/Run13_PP/510/ckin5/19070/makejets_hadrons.root does not exist
Error in <TFile::TFile>: file /phenix/mpcex/lajoie/ISU/SimOut/Run13_PP/510/ckin5/19121/makejets_hadrons.root does not exist
Error in <TFile::TFile>: file /phenix/mpcex/lajoie/ISU/SimOut/Run13_PP/510/ckin5/19129/makejets_hadrons.root does not exist
Error in <TFile::TFile>: file /phenix/mpcex/lajoie/ISU/SimOut/Run13_PP/510/ckin5/19146/makejets_hadrons.root does not exist
Error in <TFile::TFile>: file /phenix/mpcex/lajoie/ISU/SimOut/Run13_PP/510/ckin5/19162/makejets_hadrons.root does not exist
Error in <TFile::TFile>: file /phenix/mpcex/lajoie/ISU/SimOut/Run13_PP/510/ckin5/19164/makejets_hadrons.root does not exist
Error in <TFile::TFile>: file /phenix/mpcex/lajoie/ISU/SimOut/Run13_PP/510/ckin5/19175/makejets_hadrons.root does not exist
Error in <TFile::TFile>: file /phenix/mpcex/lajoie/ISU/SimOut/Run13_PP/510/ckin5/19205/makejets_hadrons.root does not exist
Error in <TFile::TFile>: file /phenix/mpcex/lajoie/ISU/SimOut/Run13_PP/510/ckin5/19225/makejets_hadrons.root does not exist
Error in <TFile::TFile>: file /phenix/mpcex/lajoie/ISU/SimOut/Run13_PP/510/ckin5/19247/makejets_hadrons.root does not exist
Error in <TFile::TFile>: file /phenix/mpcex/lajoie/ISU/SimOut/Run13_PP/510/ckin5/19253/makejets_hadrons.root does not exist
Error in <TFile::TFile>: file /phenix/mpcex/lajoie/ISU/SimOut/Run13_PP/510/ckin5/19269/makejets_hadrons.root does not exist
Error in <TFile::TFile>: file /phenix/mpcex/lajoie/ISU/SimOut/Run13_PP/510/ckin5/19275/makejets_hadrons.root does not exist
Error in <TFile::TFile>: file /phenix/mpcex/lajoie/ISU/SimOut/Run13_PP/510/ckin5/19293/makejets_hadrons.root does not exist
Error in <TFile::TFile>: file /phenix/mpcex/lajoie/ISU/SimOut/Run13_PP/510/ckin5/19313/makejets_hadrons.root does not exist
Error in <TFile::TFile>: file /phenix/mpcex/lajoie/ISU/SimOut/Run13_PP/510/ckin5/19315/makejets_hadrons.root does not exist
Error in <TFile::TFile>: file /phenix/mpcex/lajoie/ISU/SimOut/Run13_PP/510/ckin5/19326/makejets_hadrons.root does not exist
Error in <TFile::TFile>: file /phenix/mpcex/lajoie/ISU/SimOut/Run13_PP/510/ckin5/19330/makejets_hadrons.root does not exist
Error in <TFile::TFile>: file /phenix/mpcex/lajoie/ISU/SimOut/Run13_PP/510/ckin5/19366/makejets_hadrons.root does not exist
Error in <TFile::TFile>: file /phenix/mpcex/lajoie/ISU/SimOut/Run13_PP/510/ckin5/19386/makejets_hadrons.root does not exist
Error in <TFile::TFile>: file /phenix/mpcex/lajoie/ISU/SimOut/Run13_PP/510/ckin5/19392/makejets_hadrons.root does not exist
Error in <TFile::TFile>: file /phenix/mpcex/lajoie/ISU/SimOut/Run13_PP/510/ckin5/19445/makejets_hadrons.root does not exist
Error in <TFile::TFile>: file /phenix/mpcex/lajoie/ISU/SimOut/Run13_PP/510/ckin5/19463/makejets_hadrons.root does not exist
Error in <TFile::TFile>: file /phenix/mpcex/lajoie/ISU/SimOut/Run13_PP/510/ckin5/19465/makejets_hadrons.root does not exist
Error in <TFile::TFile>: file /phenix/mpcex/lajoie/ISU/SimOut/Run13_PP/510/ckin5/19476/makejets_hadrons.root does not exist
Error in <TFile::TFile>: file /phenix/mpcex/lajoie/ISU/SimOut/Run13_PP/510/ckin5/19480/makejets_hadrons.root does not exist
Error in <TFile::TFile>: file /phenix/mpcex/lajoie/ISU/SimOut/Run13_PP/510/ckin5/19498/makejets_hadrons.root does not exist
Error in <TFile::TFile>: file /phenix/mpcex/lajoie/ISU/SimOut/Run13_PP/510/ckin5/19558/makejets_hadrons.root does not exist
Error in <TFile::TFile>: file /phenix/mpcex/lajoie/ISU/SimOut/Run13_PP/510/ckin5/19568/makejets_hadrons.root does not exist
Error in <TFile::TFile>: file /phenix/mpcex/lajoie/ISU/SimOut/Run13_PP/510/ckin5/19587/makejets_hadrons.root does not exist
Error in <TFile::TFile>: file /phenix/mpcex/lajoie/ISU/SimOut/Run13_PP/510/ckin5/19626/makejets_hadrons.root does not exist
Error in <TFile::TFile>: file /phenix/mpcex/lajoie/ISU/SimOut/Run13_PP/510/ckin5/19633/makejets_hadrons.root does not exist
Error in <TFile::TFile>: file /phenix/mpcex/lajoie/ISU/SimOut/Run13_PP/510/ckin5/19659/makejets_hadrons.root does not exist
Error in <TFile::TFile>: file /phenix/mpcex/lajoie/ISU/SimOut/Run13_PP/510/ckin5/19707/makejets_hadrons.root does not exist
Error in <TFile::TFile>: file /phenix/mpcex/lajoie/ISU/SimOut/Run13_PP/510/ckin5/19719/makejets_hadrons.root does not exist
Error in <TFile::TFile>: file /phenix/mpcex/lajoie/ISU/SimOut/Run13_PP/510/ckin5/19743/makejets_hadrons.root does not exist
Error in <TFile::TFile>: file /phenix/mpcex/lajoie/ISU/SimOut/Run13_PP/510/ckin5/19750/makejets_hadrons.root does not exist
Error in <TFile::TFile>: file /phenix/mpcex/lajoie/ISU/SimOut/Run13_PP/510/ckin5/19754/makejets_hadrons.root does not exist
Error in <TFile::TFile>: file /phenix/mpcex/lajoie/ISU/SimOut/Run13_PP/510/ckin5/19770/makejets_hadrons.root does not exist
Error in <TFile::TFile>: file /phenix/mpcex/lajoie/ISU/SimOut/Run13_PP/510/ckin5/19786/makejets_hadrons.root does not exist
Error in <TFile::TFile>: file /phenix/mpcex/lajoie/ISU/SimOut/Run13_PP/510/ckin5/19800/makejets_hadrons.root does not exist
Error in <TFile::TFile>: file /phenix/mpcex/lajoie/ISU/SimOut/Run13_PP/510/ckin5/19831/makejets_hadrons.root does not exist
Error in <TFile::TFile>: file /phenix/mpcex/lajoie/ISU/SimOut/Run13_PP/510/ckin5/19842/makejets_hadrons.root does not exist
Error in <TFile::TFile>: file /phenix/mpcex/lajoie/ISU/SimOut/Run13_PP/510/ckin5/19857/makejets_hadrons.root does not exist
Error in <TFile::TFile>: file /phenix/mpcex/lajoie/ISU/SimOut/Run13_PP/510/ckin5/19891/makejets_hadrons.root does not exist
Error in <TFile::TFile>: file /phenix/mpcex/lajoie/ISU/SimOut/Run13_PP/510/ckin5/19911/makejets_hadrons.root does not exist
Error in <TFile::TFile>: file /phenix/mpcex/lajoie/ISU/SimOut/Run13_PP/510/ckin5/19912/makejets_hadrons.root does not exist
Error in <TFile::TFile>: file /phenix/mpcex/lajoie/ISU/SimOut/Run13_PP/510/ckin5/19913/makejets_hadrons.root does not exist
Error in <TFile::TFile>: file /phenix/mpcex/lajoie/ISU/SimOut/Run13_PP/510/ckin5/19915/makejets_hadrons.root does not exist
Error in <TFile::TFile>: file /phenix/mpcex/lajoie/ISU/SimOut/Run13_PP/510/ckin5/19942/makejets_hadrons.root does not exist
Error in <TFile::TFile>: file /phenix/mpcex/lajoie/ISU/SimOut/Run13_PP/510/ckin5/19946/makejets_hadrons.root does not exist
Error in <TFile::TFile>: file /phenix/mpcex/lajoie/ISU/SimOut/Run13_PP/510/ckin5/19957/makejets_hadrons.root does not exist
Error in <TFile::TFile>: file /phenix/mpcex/lajoie/ISU/SimOut/Run13_PP/510/ckin5/19971/makejets_hadrons.root does not exist
Error in <TFile::TFile>: file /phenix/mpcex/lajoie/ISU/SimOut/Run13_PP/510/ckin5/19975/makejets_hadrons.root does not exist
Error in <TFile::TFile>: file /phenix/mpcex/lajoie/ISU/SimOut/Run13_PP/510/ckin5/19979/makejets_hadrons.root does not exist
Error in <TFile::TFile>: file /phenix/mpcex/lajoie/ISU/SimOut/Run13_PP/510/ckin5/19995/makejets_hadrons.root does not exist
Error in <TFile::TFile>: file /phenix/mpcex/lajoie/ISU/SimOut/Run13_PP/510/ckin5/19996/makejets_hadrons.root does not exist
Examining 1829900 events (matched jets) ....
