.:/opt/phenix/core/lib:/opt/phenix/utils/lib:/usr/local/lib:/usr/lib:/afs/rhic.bnl.gov/phenix/PHENIX_LIB/sys/x8664_sl7/new.3/lib:/afs/rhic.bnl.gov/x8664_sl7/opt/phenix/core/root-5.34.36/lib:/afs/rhic.bnl.gov/app/insure-7.5.0/lib:/cern/pro/lib:/afs/rhic.bnl.gov/x8664_sl7/opt/phenix/core/geant4.10.00.p02/lib:/opt/phenix/core/lib64:/opt/phenix/utils/lib64:/opt/phenix/64/core/lib
4

Processing genNewTree.C+(80)...
Run13pp510
Error in <TFile::TFile>: file /phenix/mpcex/lajoie/ISU/SimOut/Run13_PP/510/ckin80/53/makejets_hadrons.root does not exist
Error in <TFile::TFile>: file /phenix/mpcex/lajoie/ISU/SimOut/Run13_PP/510/ckin80/73/makejets_hadrons.root does not exist
Error in <TFile::TFile>: file /phenix/mpcex/lajoie/ISU/SimOut/Run13_PP/510/ckin80/120/makejets_hadrons.root does not exist
Error in <TFile::TFile>: file /phenix/mpcex/lajoie/ISU/SimOut/Run13_PP/510/ckin80/123/makejets_hadrons.root does not exist
Error in <TFile::TFile>: file /phenix/mpcex/lajoie/ISU/SimOut/Run13_PP/510/ckin80/143/makejets_hadrons.root does not exist
Error in <TFile::TFile>: file /phenix/mpcex/lajoie/ISU/SimOut/Run13_PP/510/ckin80/144/makejets_hadrons.root does not exist
Error in <TFile::TFile>: file /phenix/mpcex/lajoie/ISU/SimOut/Run13_PP/510/ckin80/174/makejets_hadrons.root does not exist
Error in <TFile::TFile>: file /phenix/mpcex/lajoie/ISU/SimOut/Run13_PP/510/ckin80/191/makejets_hadrons.root does not exist
Error in <TFile::TFile>: file /phenix/mpcex/lajoie/ISU/SimOut/Run13_PP/510/ckin80/192/makejets_hadrons.root does not exist
Error in <TFile::TFile>: file /phenix/mpcex/lajoie/ISU/SimOut/Run13_PP/510/ckin80/196/makejets_hadrons.root does not exist
Error in <TFile::TFile>: file /phenix/mpcex/lajoie/ISU/SimOut/Run13_PP/510/ckin80/215/makejets_hadrons.root does not exist
Error in <TFile::TFile>: file /phenix/mpcex/lajoie/ISU/SimOut/Run13_PP/510/ckin80/217/makejets_hadrons.root does not exist
Error in <TFile::TFile>: file /phenix/mpcex/lajoie/ISU/SimOut/Run13_PP/510/ckin80/231/makejets_hadrons.root does not exist
Error in <TFile::TFile>: file /phenix/mpcex/lajoie/ISU/SimOut/Run13_PP/510/ckin80/245/makejets_hadrons.root does not exist
Error in <TFile::TFile>: file /phenix/mpcex/lajoie/ISU/SimOut/Run13_PP/510/ckin80/269/makejets_hadrons.root does not exist
Error in <TFile::TFile>: file /phenix/mpcex/lajoie/ISU/SimOut/Run13_PP/510/ckin80/274/makejets_hadrons.root does not exist
Error in <TFile::TFile>: file /phenix/mpcex/lajoie/ISU/SimOut/Run13_PP/510/ckin80/290/makejets_hadrons.root does not exist
Error in <TFile::TFile>: file /phenix/mpcex/lajoie/ISU/SimOut/Run13_PP/510/ckin80/305/makejets_hadrons.root does not exist
Error in <TFile::TFile>: file /phenix/mpcex/lajoie/ISU/SimOut/Run13_PP/510/ckin80/317/makejets_hadrons.root does not exist
Error in <TFile::TFile>: file /phenix/mpcex/lajoie/ISU/SimOut/Run13_PP/510/ckin80/337/makejets_hadrons.root does not exist
Error in <TFile::TFile>: file /phenix/mpcex/lajoie/ISU/SimOut/Run13_PP/510/ckin80/340/makejets_hadrons.root does not exist
Error in <TFile::TFile>: file /phenix/mpcex/lajoie/ISU/SimOut/Run13_PP/510/ckin80/353/makejets_hadrons.root does not exist
Error in <TFile::TFile>: file /phenix/mpcex/lajoie/ISU/SimOut/Run13_PP/510/ckin80/357/makejets_hadrons.root does not exist
Error in <TFile::TFile>: file /phenix/mpcex/lajoie/ISU/SimOut/Run13_PP/510/ckin80/358/makejets_hadrons.root does not exist
Error in <TFile::TFile>: file /phenix/mpcex/lajoie/ISU/SimOut/Run13_PP/510/ckin80/359/makejets_hadrons.root does not exist
Error in <TFile::TFile>: file /phenix/mpcex/lajoie/ISU/SimOut/Run13_PP/510/ckin80/383/makejets_hadrons.root does not exist
Error in <TFile::TFile>: file /phenix/mpcex/lajoie/ISU/SimOut/Run13_PP/510/ckin80/401/makejets_hadrons.root does not exist
Error in <TFile::TFile>: file /phenix/mpcex/lajoie/ISU/SimOut/Run13_PP/510/ckin80/432/makejets_hadrons.root does not exist
Error in <TFile::TFile>: file /phenix/mpcex/lajoie/ISU/SimOut/Run13_PP/510/ckin80/472/makejets_hadrons.root does not exist
Error in <TFile::TFile>: file /phenix/mpcex/lajoie/ISU/SimOut/Run13_PP/510/ckin80/523/makejets_hadrons.root does not exist
Error in <TFile::TFile>: file /phenix/mpcex/lajoie/ISU/SimOut/Run13_PP/510/ckin80/526/makejets_hadrons.root does not exist
Error in <TFile::TFile>: file /phenix/mpcex/lajoie/ISU/SimOut/Run13_PP/510/ckin80/570/makejets_hadrons.root does not exist
Error in <TFile::TFile>: file /phenix/mpcex/lajoie/ISU/SimOut/Run13_PP/510/ckin80/599/makejets_hadrons.root does not exist
Error in <TFile::TFile>: file /phenix/mpcex/lajoie/ISU/SimOut/Run13_PP/510/ckin80/602/makejets_hadrons.root does not exist
Error in <TFile::TFile>: file /phenix/mpcex/lajoie/ISU/SimOut/Run13_PP/510/ckin80/619/makejets_hadrons.root does not exist
Error in <TFile::TFile>: file /phenix/mpcex/lajoie/ISU/SimOut/Run13_PP/510/ckin80/629/makejets_hadrons.root does not exist
Error in <TFile::TFile>: file /phenix/mpcex/lajoie/ISU/SimOut/Run13_PP/510/ckin80/961/makejets_hadrons.root does not exist
Error in <TFile::TFile>: file /phenix/mpcex/lajoie/ISU/SimOut/Run13_PP/510/ckin80/4800/makejets_hadrons.root does not exist
Error in <TFile::TFile>: file /phenix/mpcex/lajoie/ISU/SimOut/Run13_PP/510/ckin80/5044/makejets_hadrons.root does not exist
Error in <TFile::TFile>: file /phenix/mpcex/lajoie/ISU/SimOut/Run13_PP/510/ckin80/11711/makejets_hadrons.root does not exist
Error in <TFile::TFile>: file /phenix/mpcex/lajoie/ISU/SimOut/Run13_PP/510/ckin80/13972/makejets_hadrons.root does not exist
Error in <TFile::TFile>: file /phenix/mpcex/lajoie/ISU/SimOut/Run13_PP/510/ckin80/15853/makejets_hadrons.root does not exist
Error in <TFile::TFile>: file /phenix/mpcex/lajoie/ISU/SimOut/Run13_PP/510/ckin80/16000/makejets_hadrons.root does not exist
Error in <TFile::TFile>: file /phenix/mpcex/lajoie/ISU/SimOut/Run13_PP/510/ckin80/16501/makejets_hadrons.root does not exist
Error in <TFile::TFile>: file /phenix/mpcex/lajoie/ISU/SimOut/Run13_PP/510/ckin80/16669/makejets_hadrons.root does not exist
Error in <TFile::TFile>: file /phenix/mpcex/lajoie/ISU/SimOut/Run13_PP/510/ckin80/16670/makejets_hadrons.root does not exist
Error in <TFile::TFile>: file /phenix/mpcex/lajoie/ISU/SimOut/Run13_PP/510/ckin80/16812/makejets_hadrons.root does not exist
Error in <TFile::TFile>: file /phenix/mpcex/lajoie/ISU/SimOut/Run13_PP/510/ckin80/16879/makejets_hadrons.root does not exist
Error in <TFile::TFile>: file /phenix/mpcex/lajoie/ISU/SimOut/Run13_PP/510/ckin80/16990/makejets_hadrons.root does not exist
Error in <TFile::TFile>: file /phenix/mpcex/lajoie/ISU/SimOut/Run13_PP/510/ckin80/17061/makejets_hadrons.root does not exist
Error in <TFile::TFile>: file /phenix/mpcex/lajoie/ISU/SimOut/Run13_PP/510/ckin80/17312/makejets_hadrons.root does not exist
Error in <TFile::TFile>: file /phenix/mpcex/lajoie/ISU/SimOut/Run13_PP/510/ckin80/17417/makejets_hadrons.root does not exist
Error in <TFile::TFile>: file /phenix/mpcex/lajoie/ISU/SimOut/Run13_PP/510/ckin80/17503/makejets_hadrons.root does not exist
Error in <TFile::TFile>: file /phenix/mpcex/lajoie/ISU/SimOut/Run13_PP/510/ckin80/17578/makejets_hadrons.root does not exist
Error in <TFile::TFile>: file /phenix/mpcex/lajoie/ISU/SimOut/Run13_PP/510/ckin80/17644/makejets_hadrons.root does not exist
Error in <TFile::TFile>: file /phenix/mpcex/lajoie/ISU/SimOut/Run13_PP/510/ckin80/17702/makejets_hadrons.root does not exist
Error in <TFile::TFile>: file /phenix/mpcex/lajoie/ISU/SimOut/Run13_PP/510/ckin80/17759/makejets_hadrons.root does not exist
Error in <TFile::TFile>: file /phenix/mpcex/lajoie/ISU/SimOut/Run13_PP/510/ckin80/17806/makejets_hadrons.root does not exist
Error in <TFile::TFile>: file /phenix/mpcex/lajoie/ISU/SimOut/Run13_PP/510/ckin80/17871/makejets_hadrons.root does not exist
Error in <TFile::TFile>: file /phenix/mpcex/lajoie/ISU/SimOut/Run13_PP/510/ckin80/17932/makejets_hadrons.root does not exist
Error in <TFile::TFile>: file /phenix/mpcex/lajoie/ISU/SimOut/Run13_PP/510/ckin80/18054/makejets_hadrons.root does not exist
Error in <TFile::TFile>: file /phenix/mpcex/lajoie/ISU/SimOut/Run13_PP/510/ckin80/22282/makejets_hadrons.root does not exist
Error in <TFile::TFile>: file /phenix/mpcex/lajoie/ISU/SimOut/Run13_PP/510/ckin80/22404/makejets_hadrons.root does not exist
Error in <TFile::TFile>: file /phenix/mpcex/lajoie/ISU/SimOut/Run13_PP/510/ckin80/22614/makejets_hadrons.root does not exist
Error in <TFile::TFile>: file /phenix/mpcex/lajoie/ISU/SimOut/Run13_PP/510/ckin80/22712/makejets_hadrons.root does not exist
Error in <TFile::TFile>: file /phenix/mpcex/lajoie/ISU/SimOut/Run13_PP/510/ckin80/22850/makejets_hadrons.root does not exist
Error in <TFile::TFile>: file /phenix/mpcex/lajoie/ISU/SimOut/Run13_PP/510/ckin80/22933/makejets_hadrons.root does not exist
Error in <TFile::TFile>: file /phenix/mpcex/lajoie/ISU/SimOut/Run13_PP/510/ckin80/23041/makejets_hadrons.root does not exist
Error in <TFile::TFile>: file /phenix/mpcex/lajoie/ISU/SimOut/Run13_PP/510/ckin80/23111/makejets_hadrons.root does not exist
Error in <TFile::TFile>: file /phenix/mpcex/lajoie/ISU/SimOut/Run13_PP/510/ckin80/23198/makejets_hadrons.root does not exist
Error in <TFile::TFile>: file /phenix/mpcex/lajoie/ISU/SimOut/Run13_PP/510/ckin80/23274/makejets_hadrons.root does not exist
Error in <TFile::TFile>: file /phenix/mpcex/lajoie/ISU/SimOut/Run13_PP/510/ckin80/23379/makejets_hadrons.root does not exist
Error in <TFile::TFile>: file /phenix/mpcex/lajoie/ISU/SimOut/Run13_PP/510/ckin80/23415/makejets_hadrons.root does not exist
Error in <TFile::TFile>: file /phenix/mpcex/lajoie/ISU/SimOut/Run13_PP/510/ckin80/23481/makejets_hadrons.root does not exist
Error in <TFile::TFile>: file /phenix/mpcex/lajoie/ISU/SimOut/Run13_PP/510/ckin80/23509/makejets_hadrons.root does not exist
Error in <TFile::TFile>: file /phenix/mpcex/lajoie/ISU/SimOut/Run13_PP/510/ckin80/23574/makejets_hadrons.root does not exist
Error in <TFile::TFile>: file /phenix/mpcex/lajoie/ISU/SimOut/Run13_PP/510/ckin80/29440/makejets_hadrons.root does not exist
Error in <TFile::TFile>: file /phenix/mpcex/lajoie/ISU/SimOut/Run13_PP/510/ckin80/32059/makejets_hadrons.root does not exist
Examining 3950200 events (matched jets) ....
